<?xml version="1.0" encoding="UTF-8"?>
<!-- Generated by org.testng.reporters.JUnitXMLReporter -->
<testsuite ignored="77" hostname="Insemi-539" failures="0" tests="0" time="0.015" errors="0" timestamp="2025-03-25T12:43:24 IST">
  <testcase classname="testcases.Headermenu_TC" name="verify_redirection_AND_LandingPageValue_EMS_LetterApproval" time="0.0">
    <ignored/>
  </testcase> <!-- verify_redirection_AND_LandingPageValue_EMS_LetterApproval -->
  <testcase classname="testcases.Headermenu_TC" name="verify_redirection_AND_LandingPageValue_GandR_Initiation" time="0.0">
    <ignored/>
  </testcase> <!-- verify_redirection_AND_LandingPageValue_GandR_Initiation -->
  <testcase classname="testcases.Headermenu_TC" name="verify_redirection_AND_LandingPageValue_GandR_RatingPending" time="0.0">
    <ignored/>
  </testcase> <!-- verify_redirection_AND_LandingPageValue_GandR_RatingPending -->
  <testcase classname="testcases.Headermenu_TC" name="verify_redirection_AND_LandingPageValue_Travel_Createrequest_Accomodation" time="0.0">
    <ignored/>
  </testcase> <!-- verify_redirection_AND_LandingPageValue_Travel_Createrequest_Accomodation -->
  <testcase classname="testcases.Headermenu_TC" name="verify_redirection_AND_LandingPageValue_Recruitment_Jobs" time="0.0">
    <ignored/>
  </testcase> <!-- verify_redirection_AND_LandingPageValue_Recruitment_Jobs -->
  <testcase classname="testcases.Headermenu_TC" name="verify_redirection_AND_LandingPageValue_Travel_Createrequest_Travel" time="0.0">
    <ignored/>
  </testcase> <!-- verify_redirection_AND_LandingPageValue_Travel_Createrequest_Travel -->
  <testcase classname="testcases.Headermenu_TC" name="verify_redirection_AND_LandingPageValue_MyBills_Category" time="0.0">
    <ignored/>
  </testcase> <!-- verify_redirection_AND_LandingPageValue_MyBills_Category -->
  <testcase classname="testcases.Headermenu_TC" name="verify_redirection_AND_LandingPageValue_Recruitment_MyCandidates" time="0.0">
    <ignored/>
  </testcase> <!-- verify_redirection_AND_LandingPageValue_Recruitment_MyCandidates -->
  <testcase classname="testcases.Headermenu_TC" name="mouseHover_Header_Apps_visibilityCheck_of_MyReferral" time="0.0">
    <ignored/>
  </testcase> <!-- mouseHover_Header_Apps_visibilityCheck_of_MyReferral -->
  <testcase classname="testcases.Headermenu_TC" name="mouseHover_Header_Apps_visibilityCheck_of_EMS" time="0.0">
    <ignored/>
  </testcase> <!-- mouseHover_Header_Apps_visibilityCheck_of_EMS -->
  <testcase classname="testcases.Headermenu_TC" name="verify_redirection_AND_LandingPageValue_MyBills_FinanceApproval" time="0.0">
    <ignored/>
  </testcase> <!-- verify_redirection_AND_LandingPageValue_MyBills_FinanceApproval -->
  <testcase classname="testcases.Headermenu_TC" name="mouseHover_Header_Apps_visibilityCheck_of_CvBank" time="0.0">
    <ignored/>
  </testcase> <!-- mouseHover_Header_Apps_visibilityCheck_of_CvBank -->
  <testcase classname="testcases.Headermenu_TC" name="verify_redirection_AND_LandingPageValue_Asset_ReturnAsset" time="0.0">
    <ignored/>
  </testcase> <!-- verify_redirection_AND_LandingPageValue_Asset_ReturnAsset -->
  <testcase classname="testcases.Headermenu_TC" name="verify_redirection_AND_LandingPageValue_Asset_ReplaceAsset" time="0.0">
    <ignored/>
  </testcase> <!-- verify_redirection_AND_LandingPageValue_Asset_ReplaceAsset -->
  <testcase classname="testcases.Headermenu_TC" name="mouseHover_Header_Apps_visibilityCheck_of_Asset" time="0.0">
    <ignored/>
  </testcase> <!-- mouseHover_Header_Apps_visibilityCheck_of_Asset -->
  <testcase classname="testcases.Headermenu_TC" name="mouseHover_Header_Apps_visibilityCheck_of_Recruitment" time="0.0">
    <ignored/>
  </testcase> <!-- mouseHover_Header_Apps_visibilityCheck_of_Recruitment -->
  <testcase classname="testcases.Headermenu_TC" name="verify_redirection_AND_LandingPageValue_EMS_Termination" time="0.0">
    <ignored/>
  </testcase> <!-- verify_redirection_AND_LandingPageValue_EMS_Termination -->
  <testcase classname="testcases.Headermenu_TC" name="verify_redirection_AND_LandingPageValue_HrAdmin_Candidates" time="0.0">
    <ignored/>
  </testcase> <!-- verify_redirection_AND_LandingPageValue_HrAdmin_Candidates -->
  <testcase classname="testcases.Headermenu_TC" name="verify_redirection_AND_LandingPageValue_HrAdmin_OfferApproval" time="0.0">
    <ignored/>
  </testcase> <!-- verify_redirection_AND_LandingPageValue_HrAdmin_OfferApproval -->
  <testcase classname="testcases.Headermenu_TC" name="mouseHover_Header_Apps_visibilityCheck_of_Helpdesk" time="0.0">
    <ignored/>
  </testcase> <!-- mouseHover_Header_Apps_visibilityCheck_of_Helpdesk -->
  <testcase classname="testcases.Headermenu_TC" name="verify_redirection_AND_LandingPageValue_MyReferral_ReferredList" time="0.0">
    <ignored/>
  </testcase> <!-- verify_redirection_AND_LandingPageValue_MyReferral_ReferredList -->
  <testcase classname="testcases.Headermenu_TC" name="mouseHover_Header_Apps_visibilityCheck_of_MyBills" time="0.0">
    <ignored/>
  </testcase> <!-- mouseHover_Header_Apps_visibilityCheck_of_MyBills -->
  <testcase classname="testcases.Headermenu_TC" name="verify_redirection_AND_LandingPageValue_HrAdmin_Jobs" time="0.0">
    <ignored/>
  </testcase> <!-- verify_redirection_AND_LandingPageValue_HrAdmin_Jobs -->
  <testcase classname="testcases.Headermenu_TC" name="verify_redirection_AND_LandingPageValue_Asset_AssetNumberAllocation" time="0.0">
    <ignored/>
  </testcase> <!-- verify_redirection_AND_LandingPageValue_Asset_AssetNumberAllocation -->
  <testcase classname="testcases.Headermenu_TC" name="verify_redirection_AND_LandingPageValue_EMS_TerminationList" time="0.0">
    <ignored/>
  </testcase> <!-- verify_redirection_AND_LandingPageValue_EMS_TerminationList -->
  <testcase classname="testcases.Headermenu_TC" name="verify_redirection_AND_LandingPageValue_MyBills_DepartmentHistory" time="0.0">
    <ignored/>
  </testcase> <!-- verify_redirection_AND_LandingPageValue_MyBills_DepartmentHistory -->
  <testcase classname="testcases.Headermenu_TC" name="verify_redirection_AND_LandingPageValue_Travel_Createrequest_TravelAndAccomodation" time="0.0">
    <ignored/>
  </testcase> <!-- verify_redirection_AND_LandingPageValue_Travel_Createrequest_TravelAndAccomodation -->
  <testcase classname="testcases.Headermenu_TC" name="verify_redirection_AND_LandingPageValue_Users_UsersList" time="0.0">
    <ignored/>
  </testcase> <!-- verify_redirection_AND_LandingPageValue_Users_UsersList -->
  <testcase classname="testcases.Headermenu_TC" name="verify_redirection_AND_LandingPageValue_MyBills_BuApproval" time="0.0">
    <ignored/>
  </testcase> <!-- verify_redirection_AND_LandingPageValue_MyBills_BuApproval -->
  <testcase classname="testcases.Headermenu_TC" name="verify_redirection_AND_LandingPageValue_ForMyApproval" time="0.0">
    <ignored/>
  </testcase> <!-- verify_redirection_AND_LandingPageValue_ForMyApproval -->
  <testcase classname="testcases.Headermenu_TC" name="mouseHover_Header_Apps_visibilityCheck_of_Timesheet" time="0.0">
    <ignored/>
  </testcase> <!-- mouseHover_Header_Apps_visibilityCheck_of_Timesheet -->
  <testcase classname="testcases.Headermenu_TC" name="verify_redirection_AND_LandingPageValue_Travel_ForMyApproval" time="0.0">
    <ignored/>
  </testcase> <!-- verify_redirection_AND_LandingPageValue_Travel_ForMyApproval -->
  <testcase classname="testcases.Headermenu_TC" name="verify_redirection_AND_LandingPageValue_Travel_AccommodationBooking" time="0.0">
    <ignored/>
  </testcase> <!-- verify_redirection_AND_LandingPageValue_Travel_AccommodationBooking -->
  <testcase classname="testcases.Headermenu_TC" name="verify_redirection_AND_LandingPageValue_GandR_MyGoals" time="0.0">
    <ignored/>
  </testcase> <!-- verify_redirection_AND_LandingPageValue_GandR_MyGoals -->
  <testcase classname="testcases.Headermenu_TC" name="mouseHover_Header_Apps_visibilityCheck_of_Leaves" time="0.0">
    <ignored/>
  </testcase> <!-- mouseHover_Header_Apps_visibilityCheck_of_Leaves -->
  <testcase classname="testcases.Headermenu_TC" name="verify_redirection_AND_LandingPageValue_Hiring_OfferApproval_CDO" time="0.0">
    <ignored/>
  </testcase> <!-- verify_redirection_AND_LandingPageValue_Hiring_OfferApproval_CDO -->
  <testcase classname="testcases.Headermenu_TC" name="verify_redirection_AND_LandingPageValue_Hiring_JobApproval" time="0.0">
    <ignored/>
  </testcase> <!-- verify_redirection_AND_LandingPageValue_Hiring_JobApproval -->
  <testcase classname="testcases.Headermenu_TC" name="mouseHover_Header_Apps_visibilityCheck_of_HrAdmin" time="0.0">
    <ignored/>
  </testcase> <!-- mouseHover_Header_Apps_visibilityCheck_of_HrAdmin -->
  <testcase classname="testcases.Headermenu_TC" name="mouseHover_Header_Apps_visibilityCheck_of_LandD" time="0.0">
    <ignored/>
  </testcase> <!-- mouseHover_Header_Apps_visibilityCheck_of_LandD -->
  <testcase classname="testcases.Headermenu_TC" name="verify_redirection_AND_LandingPageValue_EMS_LwdRequestList" time="0.0">
    <ignored/>
  </testcase> <!-- verify_redirection_AND_LandingPageValue_EMS_LwdRequestList -->
  <testcase classname="testcases.Headermenu_TC" name="verify_redirection_AND_LandingPageValue_Asset_Assetprocurement" time="0.0">
    <ignored/>
  </testcase> <!-- verify_redirection_AND_LandingPageValue_Asset_Assetprocurement -->
  <testcase classname="testcases.Headermenu_TC" name="verify_redirection_AND_LandingPageValue_Timesheet" time="0.0">
    <ignored/>
  </testcase> <!-- verify_redirection_AND_LandingPageValue_Timesheet -->
  <testcase classname="testcases.Headermenu_TC" name="verify_redirection_AND_LandingPageValue_MyBills_FinanceHistory" time="0.0">
    <ignored/>
  </testcase> <!-- verify_redirection_AND_LandingPageValue_MyBills_FinanceHistory -->
  <testcase classname="testcases.Headermenu_TC" name="verify_redirection_AND_LandingPageValue_MyReferral_ReferralProgram" time="0.0">
    <ignored/>
  </testcase> <!-- verify_redirection_AND_LandingPageValue_MyReferral_ReferralProgram -->
  <testcase classname="testcases.Headermenu_TC" name="verify_redirection_AND_LandingPageValue_EMS_resignationList" time="0.0">
    <ignored/>
  </testcase> <!-- verify_redirection_AND_LandingPageValue_EMS_resignationList -->
  <testcase classname="testcases.Headermenu_TC" name="verify_redirection_AND_LandingPageValue_MyBills_CreateNewRequest" time="0.0">
    <ignored/>
  </testcase> <!-- verify_redirection_AND_LandingPageValue_MyBills_CreateNewRequest -->
  <testcase classname="testcases.Headermenu_TC" name="mouseHover_Header_Apps_visibilityCheck_of_GroupChange" time="0.0">
    <ignored/>
  </testcase> <!-- mouseHover_Header_Apps_visibilityCheck_of_GroupChange -->
  <testcase classname="testcases.Headermenu_TC" name="verify_redirection_AND_LandingPageValue_LandD_AllocationAndEvaluation" time="0.0">
    <ignored/>
  </testcase> <!-- verify_redirection_AND_LandingPageValue_LandD_AllocationAndEvaluation -->
  <testcase classname="testcases.Headermenu_TC" name="verify_redirection_AND_LandingPageValue_EMS_ClearanceAssignment" time="0.0">
    <ignored/>
  </testcase> <!-- verify_redirection_AND_LandingPageValue_EMS_ClearanceAssignment -->
  <testcase classname="testcases.Headermenu_TC" name="verify_redirection_AND_LandingPageValue_Helpdesk" time="0.0">
    <ignored/>
  </testcase> <!-- verify_redirection_AND_LandingPageValue_Helpdesk -->
  <testcase classname="testcases.Headermenu_TC" name="verify_redirection_AND_LandingPageValue_Travel_FlightApprovalList" time="0.0">
    <ignored/>
  </testcase> <!-- verify_redirection_AND_LandingPageValue_Travel_FlightApprovalList -->
  <testcase classname="testcases.Headermenu_TC" name="verify_redirection_AND_LandingPageValue_MyLeaveHistory" time="0.0">
    <ignored/>
  </testcase> <!-- verify_redirection_AND_LandingPageValue_MyLeaveHistory -->
  <testcase classname="testcases.Headermenu_TC" name="verify_redirection_AND_LandingPageValue_EMS_ResignationbehalfEmp" time="0.0">
    <ignored/>
  </testcase> <!-- verify_redirection_AND_LandingPageValue_EMS_ResignationbehalfEmp -->
  <testcase classname="testcases.Headermenu_TC" name="verify_redirection_AND_LandingPageValue_ApplyLeaves" time="0.0">
    <ignored/>
  </testcase> <!-- verify_redirection_AND_LandingPageValue_ApplyLeaves -->
  <testcase classname="testcases.Headermenu_TC" name="verify_redirection_AND_LandingPageValue_Asset_ItBuApproval" time="0.0">
    <ignored/>
  </testcase> <!-- verify_redirection_AND_LandingPageValue_Asset_ItBuApproval -->
  <testcase classname="testcases.Headermenu_TC" name="verify_redirection_AND_LandingPageValue_Travel_Myrequests" time="0.0">
    <ignored/>
  </testcase> <!-- verify_redirection_AND_LandingPageValue_Travel_Myrequests -->
  <testcase classname="testcases.Headermenu_TC" name="verify_redirection_AND_LandingPageValue_CvBank" time="0.0">
    <ignored/>
  </testcase> <!-- verify_redirection_AND_LandingPageValue_CvBank -->
  <testcase classname="testcases.Headermenu_TC" name="verify_redirection_AND_LandingPageValue_Onboarding" time="0.0">
    <ignored/>
  </testcase> <!-- verify_redirection_AND_LandingPageValue_Onboarding -->
  <testcase classname="testcases.Headermenu_TC" name="mouseHover_Header_Apps_visibilityCheck_of_Hiring" time="0.0">
    <ignored/>
  </testcase> <!-- mouseHover_Header_Apps_visibilityCheck_of_Hiring -->
  <testcase classname="testcases.Headermenu_TC" name="verify_redirection_AND_LandingPageValue_MyBills_BuHistory" time="0.0">
    <ignored/>
  </testcase> <!-- verify_redirection_AND_LandingPageValue_MyBills_BuHistory -->
  <testcase classname="testcases.Headermenu_TC" name="verify_redirection_AND_LandingPageValue_EMS_RelievingClearance" time="0.0">
    <ignored/>
  </testcase> <!-- verify_redirection_AND_LandingPageValue_EMS_RelievingClearance -->
  <testcase classname="testcases.Headermenu_TC" name="mouseHover_Header_Apps_visibilityCheck_of_Travel" time="0.0">
    <ignored/>
  </testcase> <!-- mouseHover_Header_Apps_visibilityCheck_of_Travel -->
  <testcase classname="testcases.Headermenu_TC" name="verify_redirection_AND_LandingPageValue_LandD_Reports" time="0.0">
    <ignored/>
  </testcase> <!-- verify_redirection_AND_LandingPageValue_LandD_Reports -->
  <testcase classname="testcases.Headermenu_TC" name="verify_redirection_AND_LandingPageValue_MyBills_DepartmentApproval" time="0.0">
    <ignored/>
  </testcase> <!-- verify_redirection_AND_LandingPageValue_MyBills_DepartmentApproval -->
  <testcase classname="testcases.Headermenu_TC" name="verify_redirection_AND_LandingPageValue_Travel_MasterLocation" time="0.0">
    <ignored/>
  </testcase> <!-- verify_redirection_AND_LandingPageValue_Travel_MasterLocation -->
  <testcase classname="testcases.Headermenu_TC" name="verify_redirection_AND_LandingPageValue_Hiring_OfferApproval_mg1" time="0.0">
    <ignored/>
  </testcase> <!-- verify_redirection_AND_LandingPageValue_Hiring_OfferApproval_mg1 -->
  <testcase classname="testcases.Headermenu_TC" name="verify_redirection_AND_LandingPageValue_GandR_AddCustomGoals" time="0.0">
    <ignored/>
  </testcase> <!-- verify_redirection_AND_LandingPageValue_GandR_AddCustomGoals -->
  <testcase classname="testcases.Headermenu_TC" name="verify_redirection_AND_LandingPageValue_Asset_AllocationRequest" time="0.0">
    <ignored/>
  </testcase> <!-- verify_redirection_AND_LandingPageValue_Asset_AllocationRequest -->
  <testcase classname="testcases.Headermenu_TC" name="verify_redirection_AND_LandingPageValue_EMS_Resignation" time="0.0">
    <ignored/>
  </testcase> <!-- verify_redirection_AND_LandingPageValue_EMS_Resignation -->
  <testcase classname="testcases.Headermenu_TC" name="mouseHover_Header_Apps_visibilityCheck_of_GandR" time="0.0">
    <ignored/>
  </testcase> <!-- mouseHover_Header_Apps_visibilityCheck_of_GandR -->
  <testcase classname="testcases.Headermenu_TC" name="mouseHover_Header_Apps_visibilityCheck_of_Onboarding" time="0.0">
    <ignored/>
  </testcase> <!-- mouseHover_Header_Apps_visibilityCheck_of_Onboarding -->
  <testcase classname="testcases.Headermenu_TC" name="verify_redirection_AND_LandingPageValue_Hiring_OfferApproval_mg2" time="0.0">
    <ignored/>
  </testcase> <!-- verify_redirection_AND_LandingPageValue_Hiring_OfferApproval_mg2 -->
  <testcase classname="testcases.Headermenu_TC" name="verify_redirection_AND_LandingPageValue_MyBills_MyBillsHistory" time="0.0">
    <ignored/>
  </testcase> <!-- verify_redirection_AND_LandingPageValue_MyBills_MyBillsHistory -->
  <testcase classname="testcases.Headermenu_TC" name="verify_redirection_AND_LandingPageValue_Travel_TravelBookingList" time="0.0">
    <ignored/>
  </testcase> <!-- verify_redirection_AND_LandingPageValue_Travel_TravelBookingList -->
  <testcase classname="testcases.Headermenu_TC" name="mouseHover_Header_Apps_visibilityCheck_of_Users" time="0.0">
    <ignored/>
  </testcase> <!-- mouseHover_Header_Apps_visibilityCheck_of_Users -->
  <testcase classname="testcases.Headermenu_TC" name="verify_redirection_AND_LandingPageValue_GroupChange" time="0.0">
    <ignored/>
  </testcase> <!-- verify_redirection_AND_LandingPageValue_GroupChange -->
  <testcase classname="testcases.Headermenu_TC" name="verify_redirection_AND_LandingPageValue_LandD_QuestionSetup" time="0.0">
    <ignored/>
  </testcase> <!-- verify_redirection_AND_LandingPageValue_LandD_QuestionSetup -->
</testsuite>
