<?xml version="1.0" encoding="UTF-8"?>
<!-- Generated by org.testng.reporters.JUnitXMLReporter -->
<testsuite ignored="24" hostname="Insemi-539" failures="0" tests="1" name="Test" time="26.151" errors="0" timestamp="2025-03-12T10:08:30 IST">
  <testcase classname="testcases.Headermenu_TC" name="verify_redirection_AND_LandingPageValue_MyReferral_ReferralProgram" time="12.071"/>
  <testcase classname="testcases.Headermenu_TC" name="mouseHover_Header_Apps_visibilityCheck_of_Leaves" time="0.0">
    <ignored/>
  </testcase> <!-- mouseHover_Header_Apps_visibilityCheck_of_Leaves -->
  <testcase classname="testcases.Headermenu_TC" name="verify_redirection_AND_LandingPageValue_GandR_RatingPending" time="0.0">
    <ignored/>
  </testcase> <!-- verify_redirection_AND_LandingPageValue_GandR_RatingPending -->
  <testcase classname="testcases.Headermenu_TC" name="verify_redirection_AND_LandingPageValue_GandR_Initiation" time="0.0">
    <ignored/>
  </testcase> <!-- verify_redirection_AND_LandingPageValue_GandR_Initiation -->
  <testcase classname="testcases.Headermenu_TC" name="mouseHover_Header_Apps_visibilityCheck_of_MyBills" time="0.0">
    <ignored/>
  </testcase> <!-- mouseHover_Header_Apps_visibilityCheck_of_MyBills -->
  <testcase classname="testcases.Headermenu_TC" name="verify_redirection_AND_LandingPageValue_MyBills_BuHistory" time="0.0">
    <ignored/>
  </testcase> <!-- verify_redirection_AND_LandingPageValue_MyBills_BuHistory -->
  <testcase classname="testcases.Headermenu_TC" name="verify_redirection_AND_LandingPageValue_MyBills_Category" time="0.0">
    <ignored/>
  </testcase> <!-- verify_redirection_AND_LandingPageValue_MyBills_Category -->
  <testcase classname="testcases.Headermenu_TC" name="verify_redirection_AND_LandingPageValue_Timesheet" time="0.0">
    <ignored/>
  </testcase> <!-- verify_redirection_AND_LandingPageValue_Timesheet -->
  <testcase classname="testcases.Headermenu_TC" name="verify_redirection_AND_LandingPageValue_MyBills_DepartmentApproval" time="0.0">
    <ignored/>
  </testcase> <!-- verify_redirection_AND_LandingPageValue_MyBills_DepartmentApproval -->
  <testcase classname="testcases.Headermenu_TC" name="verify_redirection_AND_LandingPageValue_MyBills_FinanceHistory" time="0.0">
    <ignored/>
  </testcase> <!-- verify_redirection_AND_LandingPageValue_MyBills_FinanceHistory -->
  <testcase classname="testcases.Headermenu_TC" name="mouseHover_Header_Apps_visibilityCheck_of_MyReferral" time="0.0">
    <ignored/>
  </testcase> <!-- mouseHover_Header_Apps_visibilityCheck_of_MyReferral -->
  <testcase classname="testcases.Headermenu_TC" name="verify_redirection_AND_LandingPageValue_MyBills_DepartmentHistory" time="0.0">
    <ignored/>
  </testcase> <!-- verify_redirection_AND_LandingPageValue_MyBills_DepartmentHistory -->
  <testcase classname="testcases.Headermenu_TC" name="verify_redirection_AND_LandingPageValue_MyBills_CreateNewRequest" time="0.0">
    <ignored/>
  </testcase> <!-- verify_redirection_AND_LandingPageValue_MyBills_CreateNewRequest -->
  <testcase classname="testcases.Headermenu_TC" name="verify_redirection_AND_LandingPageValue_GandR_AddCustomGoals" time="0.0">
    <ignored/>
  </testcase> <!-- verify_redirection_AND_LandingPageValue_GandR_AddCustomGoals -->
  <testcase classname="testcases.Headermenu_TC" name="mouseHover_Header_Apps_visibilityCheck_of_GroupChange" time="0.0">
    <ignored/>
  </testcase> <!-- mouseHover_Header_Apps_visibilityCheck_of_GroupChange -->
  <testcase classname="testcases.Headermenu_TC" name="verify_redirection_AND_LandingPageValue_MyBills_FinanceApproval" time="0.0">
    <ignored/>
  </testcase> <!-- verify_redirection_AND_LandingPageValue_MyBills_FinanceApproval -->
  <testcase classname="testcases.Headermenu_TC" name="mouseHover_Header_Apps_visibilityCheck_of_GandR" time="0.0">
    <ignored/>
  </testcase> <!-- mouseHover_Header_Apps_visibilityCheck_of_GandR -->
  <testcase classname="testcases.Headermenu_TC" name="verify_redirection_AND_LandingPageValue_MyBills_BuApproval" time="0.0">
    <ignored/>
  </testcase> <!-- verify_redirection_AND_LandingPageValue_MyBills_BuApproval -->
  <testcase classname="testcases.Headermenu_TC" name="verify_redirection_AND_LandingPageValue_MyLeaveHistory" time="0.0">
    <ignored/>
  </testcase> <!-- verify_redirection_AND_LandingPageValue_MyLeaveHistory -->
  <testcase classname="testcases.Headermenu_TC" name="verify_redirection_AND_LandingPageValue_ApplyLeaves" time="0.0">
    <ignored/>
  </testcase> <!-- verify_redirection_AND_LandingPageValue_ApplyLeaves -->
  <testcase classname="testcases.Headermenu_TC" name="verify_redirection_AND_LandingPageValue_MyBills_MyBillsHistory" time="0.0">
    <ignored/>
  </testcase> <!-- verify_redirection_AND_LandingPageValue_MyBills_MyBillsHistory -->
  <testcase classname="testcases.Headermenu_TC" name="verify_redirection_AND_LandingPageValue_ForMyApproval" time="0.0">
    <ignored/>
  </testcase> <!-- verify_redirection_AND_LandingPageValue_ForMyApproval -->
  <testcase classname="testcases.Headermenu_TC" name="mouseHover_Header_Apps_visibilityCheck_of_Timesheet" time="0.0">
    <ignored/>
  </testcase> <!-- mouseHover_Header_Apps_visibilityCheck_of_Timesheet -->
  <testcase classname="testcases.Headermenu_TC" name="verify_redirection_AND_LandingPageValue_GandR_MyGoals" time="0.0">
    <ignored/>
  </testcase> <!-- verify_redirection_AND_LandingPageValue_GandR_MyGoals -->
  <testcase classname="testcases.Headermenu_TC" name="verify_redirection_AND_LandingPageValue_GroupChange" time="0.0">
    <ignored/>
  </testcase> <!-- verify_redirection_AND_LandingPageValue_GroupChange -->
</testsuite> <!-- Test -->
