<?xml version="1.0" encoding="UTF-8"?>
<!-- Generated by org.testng.reporters.JUnitXMLReporter -->
<testsuite ignored="2" hostname="Insemi-539" failures="1" tests="1" name="Test" time="8.164" errors="0" timestamp="2025-02-05T19:42:22 IST">
  <testcase classname="testcases.Loginpage_TC" name="Validate_dashboardURL_afterLogin" time="0.132">
    <failure type="java.lang.AssertionError" message="Dashboard URL does not match! expected [https://ytr.insemitech.com///dashboard/home/] but found [https://ytr.insemitech.com/dashboard/home/]">
      <![CDATA[java.lang.AssertionError: Dashboard URL does not match! expected [https://ytr.insemitech.com///dashboard/home/] but found [https://ytr.insemitech.com/dashboard/home/]
at testcases.Loginpage_TC.Validate_dashboardURL_afterLogin(Loginpage_TC.java:46)
at java.base/java.util.ArrayList.forEach(ArrayList.java:1511)
... Removed 32 stack frames]]>
    </failure>
  </testcase> <!-- Validate_dashboardURL_afterLogin -->
  <testcase classname="testcases.Loginpage_TC" name="f" time="0.0">
    <ignored/>
  </testcase> <!-- f -->
  <testcase classname="testcases.Loginpage_TC" name="Validate_dashboardElement_afterLogin" time="0.0">
    <ignored/>
  </testcase> <!-- Validate_dashboardElement_afterLogin -->
</testsuite> <!-- Test -->
