<?xml version="1.0" encoding="UTF-8"?>
<testng-results ignored="83" total="85" passed="2" failed="0" skipped="0">
  <reporter-output>
  </reporter-output>
  <suite started-at="2025-06-18T12:36:06 IST" name="Suite" finished-at="2025-06-18T12:36:28 IST" duration-ms="21573">
    <groups>
    </groups>
    <test started-at="2025-06-18T12:36:06 IST" name="Test" finished-at="2025-06-18T12:36:28 IST" duration-ms="21573">
      <class name="testcases.Headermenu_TC">
        <test-method is-config="true" signature="beforeMethod()[pri:0, instance:testcases.Headermenu_TC@1ef3efa8]" started-at="2025-06-18T12:36:07 IST" name="beforeMethod" finished-at="2025-06-18T12:36:12 IST" duration-ms="5056" status="PASS">
          <reporter-output>
          </reporter-output>
        </test-method> <!-- beforeMethod -->
        <test-method is-config="true" signature="perform_loginFor_QAaccount_allAccess()[pri:0, instance:testcases.Headermenu_TC@1ef3efa8]" started-at="2025-06-18T12:36:12 IST" name="perform_loginFor_QAaccount_allAccess" finished-at="2025-06-18T12:36:15 IST" duration-ms="3745" status="PASS">
          <reporter-output>
          </reporter-output>
        </test-method> <!-- perform_loginFor_QAaccount_allAccess -->
        <test-method signature="mouseHover_Header_Apps_visibilityCheck_of_ManagerFB()[pri:78, instance:testcases.Headermenu_TC@1ef3efa8]" started-at="2025-06-18T12:36:15 IST" name="mouseHover_Header_Apps_visibilityCheck_of_ManagerFB" finished-at="2025-06-18T12:36:16 IST" duration-ms="769" status="PASS">
          <reporter-output>
          </reporter-output>
        </test-method> <!-- mouseHover_Header_Apps_visibilityCheck_of_ManagerFB -->
        <test-method is-config="true" signature="afterMethod(org.testng.ITestResult)[pri:0, instance:testcases.Headermenu_TC@1ef3efa8]" started-at="2025-06-18T12:36:16 IST" name="afterMethod" finished-at="2025-06-18T12:36:17 IST" duration-ms="314" status="PASS">
          <params>
            <param index="0">
              <value>
                <![CDATA[[TestResult name=mouseHover_Header_Apps_visibilityCheck_of_ManagerFB status=SUCCESS method=Headermenu_TC.mouseHover_Header_Apps_visibilityCheck_of_ManagerFB()[pri:78, instance:testcases.Headermenu_TC@1ef3efa8] output={null}]]]>
              </value>
            </param>
          </params>
          <reporter-output>
          </reporter-output>
        </test-method> <!-- afterMethod -->
        <test-method is-config="true" signature="beforeMethod()[pri:0, instance:testcases.Headermenu_TC@1ef3efa8]" started-at="2025-06-18T12:36:17 IST" name="beforeMethod" finished-at="2025-06-18T12:36:20 IST" duration-ms="3353" status="PASS">
          <reporter-output>
          </reporter-output>
        </test-method> <!-- beforeMethod -->
        <test-method is-config="true" signature="perform_loginFor_QAaccount_allAccess()[pri:0, instance:testcases.Headermenu_TC@1ef3efa8]" started-at="2025-06-18T12:36:20 IST" name="perform_loginFor_QAaccount_allAccess" finished-at="2025-06-18T12:36:22 IST" duration-ms="2492" status="PASS">
          <reporter-output>
          </reporter-output>
        </test-method> <!-- perform_loginFor_QAaccount_allAccess -->
        <test-method signature="verify_redirection_AND_LandingPageValue_ManagerFB_BuPage()[pri:85, instance:testcases.Headermenu_TC@1ef3efa8]" started-at="2025-06-18T12:36:22 IST" name="verify_redirection_AND_LandingPageValue_ManagerFB_BuPage" finished-at="2025-06-18T12:36:28 IST" duration-ms="5135" status="PASS">
          <reporter-output>
          </reporter-output>
        </test-method> <!-- verify_redirection_AND_LandingPageValue_ManagerFB_BuPage -->
        <test-method is-config="true" signature="afterMethod(org.testng.ITestResult)[pri:0, instance:testcases.Headermenu_TC@1ef3efa8]" started-at="2025-06-18T12:36:28 IST" name="afterMethod" finished-at="2025-06-18T12:36:28 IST" duration-ms="238" status="PASS">
          <params>
            <param index="0">
              <value>
                <![CDATA[[TestResult name=verify_redirection_AND_LandingPageValue_ManagerFB_BuPage status=SUCCESS method=Headermenu_TC.verify_redirection_AND_LandingPageValue_ManagerFB_BuPage()[pri:85, instance:testcases.Headermenu_TC@1ef3efa8] output={null}]]]>
              </value>
            </param>
          </params>
          <reporter-output>
          </reporter-output>
        </test-method> <!-- afterMethod -->
      </class> <!-- testcases.Headermenu_TC -->
    </test> <!-- Test -->
  </suite> <!-- Suite -->
</testng-results>
