<?xml version="1.0" encoding="UTF-8"?>
<testng-results ignored="0" total="85" passed="19" failed="1" skipped="65">
  <reporter-output>
  </reporter-output>
  <suite started-at="2025-03-27T12:36:52 IST" name="Suite" finished-at="2025-03-27T12:40:45 IST" duration-ms="232900">
    <groups>
    </groups>
    <test started-at="2025-03-27T12:36:52 IST" name="Test" finished-at="2025-03-27T12:40:45 IST" duration-ms="232900">
      <class name="testcases.Headermenu_TC">
        <test-method is-config="true" signature="beforeMethod()[pri:0, instance:testcases.Headermenu_TC@1ef3efa8]" started-at="2025-03-27T12:36:53 IST" name="beforeMethod" finished-at="2025-03-27T12:36:59 IST" duration-ms="5695" status="PASS">
          <reporter-output>
          </reporter-output>
        </test-method> <!-- beforeMethod -->
        <test-method is-config="true" signature="perform_loginFor_QAaccount_allAccess()[pri:0, instance:testcases.Headermenu_TC@1ef3efa8]" started-at="2025-03-27T12:36:59 IST" name="perform_loginFor_QAaccount_allAccess" finished-at="2025-03-27T12:37:04 IST" duration-ms="5492" status="PASS">
          <reporter-output>
          </reporter-output>
        </test-method> <!-- perform_loginFor_QAaccount_allAccess -->
        <test-method signature="mouseHover_Header_Apps_visibilityCheck_of_Timesheet()[pri:1, instance:testcases.Headermenu_TC@1ef3efa8]" started-at="2025-03-27T12:37:04 IST" name="mouseHover_Header_Apps_visibilityCheck_of_Timesheet" finished-at="2025-03-27T12:37:05 IST" duration-ms="1027" status="PASS">
          <reporter-output>
          </reporter-output>
        </test-method> <!-- mouseHover_Header_Apps_visibilityCheck_of_Timesheet -->
        <test-method is-config="true" signature="afterMethod(org.testng.ITestResult)[pri:0, instance:testcases.Headermenu_TC@1ef3efa8]" started-at="2025-03-27T12:37:05 IST" name="afterMethod" finished-at="2025-03-27T12:37:06 IST" duration-ms="265" status="PASS">
          <params>
            <param index="0">
              <value>
                <![CDATA[[TestResult name=mouseHover_Header_Apps_visibilityCheck_of_Timesheet status=SUCCESS method=Headermenu_TC.mouseHover_Header_Apps_visibilityCheck_of_Timesheet()[pri:1, instance:testcases.Headermenu_TC@1ef3efa8] output={null}]]]>
              </value>
            </param>
          </params>
          <reporter-output>
          </reporter-output>
        </test-method> <!-- afterMethod -->
        <test-method is-config="true" signature="beforeMethod()[pri:0, instance:testcases.Headermenu_TC@1ef3efa8]" started-at="2025-03-27T12:37:06 IST" name="beforeMethod" finished-at="2025-03-27T12:37:09 IST" duration-ms="2983" status="PASS">
          <reporter-output>
          </reporter-output>
        </test-method> <!-- beforeMethod -->
        <test-method is-config="true" signature="perform_loginFor_QAaccount_allAccess()[pri:0, instance:testcases.Headermenu_TC@1ef3efa8]" started-at="2025-03-27T12:37:09 IST" name="perform_loginFor_QAaccount_allAccess" finished-at="2025-03-27T12:37:12 IST" duration-ms="3107" status="PASS">
          <reporter-output>
          </reporter-output>
        </test-method> <!-- perform_loginFor_QAaccount_allAccess -->
        <test-method signature="verify_redirection_AND_LandingPageValue_Timesheet()[pri:2, instance:testcases.Headermenu_TC@1ef3efa8]" started-at="2025-03-27T12:37:12 IST" name="verify_redirection_AND_LandingPageValue_Timesheet" finished-at="2025-03-27T12:37:15 IST" duration-ms="3159" status="PASS">
          <reporter-output>
          </reporter-output>
        </test-method> <!-- verify_redirection_AND_LandingPageValue_Timesheet -->
        <test-method is-config="true" signature="afterMethod(org.testng.ITestResult)[pri:0, instance:testcases.Headermenu_TC@1ef3efa8]" started-at="2025-03-27T12:37:15 IST" name="afterMethod" finished-at="2025-03-27T12:37:15 IST" duration-ms="472" status="PASS">
          <params>
            <param index="0">
              <value>
                <![CDATA[[TestResult name=verify_redirection_AND_LandingPageValue_Timesheet status=SUCCESS method=Headermenu_TC.verify_redirection_AND_LandingPageValue_Timesheet()[pri:2, instance:testcases.Headermenu_TC@1ef3efa8] output={null}]]]>
              </value>
            </param>
          </params>
          <reporter-output>
          </reporter-output>
        </test-method> <!-- afterMethod -->
        <test-method is-config="true" signature="beforeMethod()[pri:0, instance:testcases.Headermenu_TC@1ef3efa8]" started-at="2025-03-27T12:37:15 IST" name="beforeMethod" finished-at="2025-03-27T12:37:19 IST" duration-ms="3541" status="PASS">
          <reporter-output>
          </reporter-output>
        </test-method> <!-- beforeMethod -->
        <test-method is-config="true" signature="perform_loginFor_QAaccount_allAccess()[pri:0, instance:testcases.Headermenu_TC@1ef3efa8]" started-at="2025-03-27T12:37:19 IST" name="perform_loginFor_QAaccount_allAccess" finished-at="2025-03-27T12:37:22 IST" duration-ms="3400" status="PASS">
          <reporter-output>
          </reporter-output>
        </test-method> <!-- perform_loginFor_QAaccount_allAccess -->
        <test-method signature="mouseHover_Header_Apps_visibilityCheck_of_Leaves()[pri:3, instance:testcases.Headermenu_TC@1ef3efa8]" started-at="2025-03-27T12:37:22 IST" name="mouseHover_Header_Apps_visibilityCheck_of_Leaves" finished-at="2025-03-27T12:37:23 IST" duration-ms="809" status="PASS">
          <reporter-output>
          </reporter-output>
        </test-method> <!-- mouseHover_Header_Apps_visibilityCheck_of_Leaves -->
        <test-method is-config="true" signature="afterMethod(org.testng.ITestResult)[pri:0, instance:testcases.Headermenu_TC@1ef3efa8]" started-at="2025-03-27T12:37:23 IST" name="afterMethod" finished-at="2025-03-27T12:37:23 IST" duration-ms="262" status="PASS">
          <params>
            <param index="0">
              <value>
                <![CDATA[[TestResult name=mouseHover_Header_Apps_visibilityCheck_of_Leaves status=SUCCESS method=Headermenu_TC.mouseHover_Header_Apps_visibilityCheck_of_Leaves()[pri:3, instance:testcases.Headermenu_TC@1ef3efa8] output={null}]]]>
              </value>
            </param>
          </params>
          <reporter-output>
          </reporter-output>
        </test-method> <!-- afterMethod -->
        <test-method is-config="true" signature="beforeMethod()[pri:0, instance:testcases.Headermenu_TC@1ef3efa8]" started-at="2025-03-27T12:37:23 IST" name="beforeMethod" finished-at="2025-03-27T12:37:26 IST" duration-ms="2884" status="PASS">
          <reporter-output>
          </reporter-output>
        </test-method> <!-- beforeMethod -->
        <test-method is-config="true" signature="perform_loginFor_QAaccount_allAccess()[pri:0, instance:testcases.Headermenu_TC@1ef3efa8]" started-at="2025-03-27T12:37:26 IST" name="perform_loginFor_QAaccount_allAccess" finished-at="2025-03-27T12:37:29 IST" duration-ms="3196" status="PASS">
          <reporter-output>
          </reporter-output>
        </test-method> <!-- perform_loginFor_QAaccount_allAccess -->
        <test-method signature="verify_redirection_AND_LandingPageValue_ApplyLeaves()[pri:4, instance:testcases.Headermenu_TC@1ef3efa8]" started-at="2025-03-27T12:37:29 IST" name="verify_redirection_AND_LandingPageValue_ApplyLeaves" finished-at="2025-03-27T12:37:33 IST" duration-ms="3833" status="PASS">
          <reporter-output>
          </reporter-output>
        </test-method> <!-- verify_redirection_AND_LandingPageValue_ApplyLeaves -->
        <test-method is-config="true" signature="afterMethod(org.testng.ITestResult)[pri:0, instance:testcases.Headermenu_TC@1ef3efa8]" started-at="2025-03-27T12:37:33 IST" name="afterMethod" finished-at="2025-03-27T12:37:33 IST" duration-ms="181" status="PASS">
          <params>
            <param index="0">
              <value>
                <![CDATA[[TestResult name=verify_redirection_AND_LandingPageValue_ApplyLeaves status=SUCCESS method=Headermenu_TC.verify_redirection_AND_LandingPageValue_ApplyLeaves()[pri:4, instance:testcases.Headermenu_TC@1ef3efa8] output={null}]]]>
              </value>
            </param>
          </params>
          <reporter-output>
          </reporter-output>
        </test-method> <!-- afterMethod -->
        <test-method is-config="true" signature="beforeMethod()[pri:0, instance:testcases.Headermenu_TC@1ef3efa8]" started-at="2025-03-27T12:37:33 IST" name="beforeMethod" finished-at="2025-03-27T12:37:37 IST" duration-ms="3400" status="PASS">
          <reporter-output>
          </reporter-output>
        </test-method> <!-- beforeMethod -->
        <test-method is-config="true" signature="perform_loginFor_QAaccount_allAccess()[pri:0, instance:testcases.Headermenu_TC@1ef3efa8]" started-at="2025-03-27T12:37:37 IST" name="perform_loginFor_QAaccount_allAccess" finished-at="2025-03-27T12:37:40 IST" duration-ms="2790" status="PASS">
          <reporter-output>
          </reporter-output>
        </test-method> <!-- perform_loginFor_QAaccount_allAccess -->
        <test-method signature="verify_redirection_AND_LandingPageValue_MyLeaveHistory()[pri:5, instance:testcases.Headermenu_TC@1ef3efa8]" started-at="2025-03-27T12:37:40 IST" name="verify_redirection_AND_LandingPageValue_MyLeaveHistory" finished-at="2025-03-27T12:37:43 IST" duration-ms="3041" status="PASS">
          <reporter-output>
          </reporter-output>
        </test-method> <!-- verify_redirection_AND_LandingPageValue_MyLeaveHistory -->
        <test-method is-config="true" signature="afterMethod(org.testng.ITestResult)[pri:0, instance:testcases.Headermenu_TC@1ef3efa8]" started-at="2025-03-27T12:37:43 IST" name="afterMethod" finished-at="2025-03-27T12:37:43 IST" duration-ms="173" status="PASS">
          <params>
            <param index="0">
              <value>
                <![CDATA[[TestResult name=verify_redirection_AND_LandingPageValue_MyLeaveHistory status=SUCCESS method=Headermenu_TC.verify_redirection_AND_LandingPageValue_MyLeaveHistory()[pri:5, instance:testcases.Headermenu_TC@1ef3efa8] output={null}]]]>
              </value>
            </param>
          </params>
          <reporter-output>
          </reporter-output>
        </test-method> <!-- afterMethod -->
        <test-method is-config="true" signature="beforeMethod()[pri:0, instance:testcases.Headermenu_TC@1ef3efa8]" started-at="2025-03-27T12:37:43 IST" name="beforeMethod" finished-at="2025-03-27T12:37:46 IST" duration-ms="3306" status="PASS">
          <reporter-output>
          </reporter-output>
        </test-method> <!-- beforeMethod -->
        <test-method is-config="true" signature="perform_loginFor_QAaccount_allAccess()[pri:0, instance:testcases.Headermenu_TC@1ef3efa8]" started-at="2025-03-27T12:37:46 IST" name="perform_loginFor_QAaccount_allAccess" finished-at="2025-03-27T12:37:48 IST" duration-ms="2098" status="PASS">
          <reporter-output>
          </reporter-output>
        </test-method> <!-- perform_loginFor_QAaccount_allAccess -->
        <test-method signature="verify_redirection_AND_LandingPageValue_ForMyApproval()[pri:6, instance:testcases.Headermenu_TC@1ef3efa8]" started-at="2025-03-27T12:37:48 IST" name="verify_redirection_AND_LandingPageValue_ForMyApproval" finished-at="2025-03-27T12:37:51 IST" duration-ms="2760" status="PASS">
          <reporter-output>
          </reporter-output>
        </test-method> <!-- verify_redirection_AND_LandingPageValue_ForMyApproval -->
        <test-method is-config="true" signature="afterMethod(org.testng.ITestResult)[pri:0, instance:testcases.Headermenu_TC@1ef3efa8]" started-at="2025-03-27T12:37:51 IST" name="afterMethod" finished-at="2025-03-27T12:37:51 IST" duration-ms="192" status="PASS">
          <params>
            <param index="0">
              <value>
                <![CDATA[[TestResult name=verify_redirection_AND_LandingPageValue_ForMyApproval status=SUCCESS method=Headermenu_TC.verify_redirection_AND_LandingPageValue_ForMyApproval()[pri:6, instance:testcases.Headermenu_TC@1ef3efa8] output={null}]]]>
              </value>
            </param>
          </params>
          <reporter-output>
          </reporter-output>
        </test-method> <!-- afterMethod -->
        <test-method is-config="true" signature="beforeMethod()[pri:0, instance:testcases.Headermenu_TC@1ef3efa8]" started-at="2025-03-27T12:37:51 IST" name="beforeMethod" finished-at="2025-03-27T12:37:54 IST" duration-ms="3152" status="PASS">
          <reporter-output>
          </reporter-output>
        </test-method> <!-- beforeMethod -->
        <test-method is-config="true" signature="perform_loginFor_QAaccount_allAccess()[pri:0, instance:testcases.Headermenu_TC@1ef3efa8]" started-at="2025-03-27T12:37:54 IST" name="perform_loginFor_QAaccount_allAccess" finished-at="2025-03-27T12:37:57 IST" duration-ms="2288" status="PASS">
          <reporter-output>
          </reporter-output>
        </test-method> <!-- perform_loginFor_QAaccount_allAccess -->
        <test-method signature="mouseHover_Header_Apps_visibilityCheck_of_GroupChange()[pri:7, instance:testcases.Headermenu_TC@1ef3efa8]" started-at="2025-03-27T12:37:57 IST" name="mouseHover_Header_Apps_visibilityCheck_of_GroupChange" finished-at="2025-03-27T12:37:57 IST" duration-ms="702" status="PASS">
          <reporter-output>
          </reporter-output>
        </test-method> <!-- mouseHover_Header_Apps_visibilityCheck_of_GroupChange -->
        <test-method is-config="true" signature="afterMethod(org.testng.ITestResult)[pri:0, instance:testcases.Headermenu_TC@1ef3efa8]" started-at="2025-03-27T12:37:57 IST" name="afterMethod" finished-at="2025-03-27T12:37:57 IST" duration-ms="187" status="PASS">
          <params>
            <param index="0">
              <value>
                <![CDATA[[TestResult name=mouseHover_Header_Apps_visibilityCheck_of_GroupChange status=SUCCESS method=Headermenu_TC.mouseHover_Header_Apps_visibilityCheck_of_GroupChange()[pri:7, instance:testcases.Headermenu_TC@1ef3efa8] output={null}]]]>
              </value>
            </param>
          </params>
          <reporter-output>
          </reporter-output>
        </test-method> <!-- afterMethod -->
        <test-method is-config="true" signature="beforeMethod()[pri:0, instance:testcases.Headermenu_TC@1ef3efa8]" started-at="2025-03-27T12:37:57 IST" name="beforeMethod" finished-at="2025-03-27T12:38:00 IST" duration-ms="2976" status="PASS">
          <reporter-output>
          </reporter-output>
        </test-method> <!-- beforeMethod -->
        <test-method is-config="true" signature="perform_loginFor_QAaccount_allAccess()[pri:0, instance:testcases.Headermenu_TC@1ef3efa8]" started-at="2025-03-27T12:38:00 IST" name="perform_loginFor_QAaccount_allAccess" finished-at="2025-03-27T12:38:04 IST" duration-ms="3385" status="PASS">
          <reporter-output>
          </reporter-output>
        </test-method> <!-- perform_loginFor_QAaccount_allAccess -->
        <test-method signature="verify_redirection_AND_LandingPageValue_GroupChange()[pri:8, instance:testcases.Headermenu_TC@1ef3efa8]" started-at="2025-03-27T12:38:04 IST" name="verify_redirection_AND_LandingPageValue_GroupChange" finished-at="2025-03-27T12:38:08 IST" duration-ms="4532" status="PASS">
          <reporter-output>
          </reporter-output>
        </test-method> <!-- verify_redirection_AND_LandingPageValue_GroupChange -->
        <test-method is-config="true" signature="afterMethod(org.testng.ITestResult)[pri:0, instance:testcases.Headermenu_TC@1ef3efa8]" started-at="2025-03-27T12:38:08 IST" name="afterMethod" finished-at="2025-03-27T12:38:09 IST" duration-ms="206" status="PASS">
          <params>
            <param index="0">
              <value>
                <![CDATA[[TestResult name=verify_redirection_AND_LandingPageValue_GroupChange status=SUCCESS method=Headermenu_TC.verify_redirection_AND_LandingPageValue_GroupChange()[pri:8, instance:testcases.Headermenu_TC@1ef3efa8] output={null}]]]>
              </value>
            </param>
          </params>
          <reporter-output>
          </reporter-output>
        </test-method> <!-- afterMethod -->
        <test-method is-config="true" signature="beforeMethod()[pri:0, instance:testcases.Headermenu_TC@1ef3efa8]" started-at="2025-03-27T12:38:09 IST" name="beforeMethod" finished-at="2025-03-27T12:38:13 IST" duration-ms="4478" status="PASS">
          <reporter-output>
          </reporter-output>
        </test-method> <!-- beforeMethod -->
        <test-method is-config="true" signature="perform_loginFor_QAaccount_allAccess()[pri:0, instance:testcases.Headermenu_TC@1ef3efa8]" started-at="2025-03-27T12:38:13 IST" name="perform_loginFor_QAaccount_allAccess" finished-at="2025-03-27T12:38:15 IST" duration-ms="2416" status="PASS">
          <reporter-output>
          </reporter-output>
        </test-method> <!-- perform_loginFor_QAaccount_allAccess -->
        <test-method signature="mouseHover_Header_Apps_visibilityCheck_of_MyBills()[pri:9, instance:testcases.Headermenu_TC@1ef3efa8]" started-at="2025-03-27T12:38:15 IST" name="mouseHover_Header_Apps_visibilityCheck_of_MyBills" finished-at="2025-03-27T12:38:16 IST" duration-ms="746" status="PASS">
          <reporter-output>
          </reporter-output>
        </test-method> <!-- mouseHover_Header_Apps_visibilityCheck_of_MyBills -->
        <test-method is-config="true" signature="afterMethod(org.testng.ITestResult)[pri:0, instance:testcases.Headermenu_TC@1ef3efa8]" started-at="2025-03-27T12:38:16 IST" name="afterMethod" finished-at="2025-03-27T12:38:16 IST" duration-ms="184" status="PASS">
          <params>
            <param index="0">
              <value>
                <![CDATA[[TestResult name=mouseHover_Header_Apps_visibilityCheck_of_MyBills status=SUCCESS method=Headermenu_TC.mouseHover_Header_Apps_visibilityCheck_of_MyBills()[pri:9, instance:testcases.Headermenu_TC@1ef3efa8] output={null}]]]>
              </value>
            </param>
          </params>
          <reporter-output>
          </reporter-output>
        </test-method> <!-- afterMethod -->
        <test-method is-config="true" signature="beforeMethod()[pri:0, instance:testcases.Headermenu_TC@1ef3efa8]" started-at="2025-03-27T12:38:16 IST" name="beforeMethod" finished-at="2025-03-27T12:38:19 IST" duration-ms="3037" status="PASS">
          <reporter-output>
          </reporter-output>
        </test-method> <!-- beforeMethod -->
        <test-method is-config="true" signature="perform_loginFor_QAaccount_allAccess()[pri:0, instance:testcases.Headermenu_TC@1ef3efa8]" started-at="2025-03-27T12:38:19 IST" name="perform_loginFor_QAaccount_allAccess" finished-at="2025-03-27T12:38:22 IST" duration-ms="2856" status="PASS">
          <reporter-output>
          </reporter-output>
        </test-method> <!-- perform_loginFor_QAaccount_allAccess -->
        <test-method signature="verify_redirection_AND_LandingPageValue_MyBills_CreateNewRequest()[pri:10, instance:testcases.Headermenu_TC@1ef3efa8]" started-at="2025-03-27T12:38:22 IST" name="verify_redirection_AND_LandingPageValue_MyBills_CreateNewRequest" finished-at="2025-03-27T12:38:25 IST" duration-ms="2700" status="PASS">
          <reporter-output>
          </reporter-output>
        </test-method> <!-- verify_redirection_AND_LandingPageValue_MyBills_CreateNewRequest -->
        <test-method is-config="true" signature="afterMethod(org.testng.ITestResult)[pri:0, instance:testcases.Headermenu_TC@1ef3efa8]" started-at="2025-03-27T12:38:25 IST" name="afterMethod" finished-at="2025-03-27T12:38:26 IST" duration-ms="552" status="PASS">
          <params>
            <param index="0">
              <value>
                <![CDATA[[TestResult name=verify_redirection_AND_LandingPageValue_MyBills_CreateNewRequest status=SUCCESS method=Headermenu_TC.verify_redirection_AND_LandingPageValue_MyBills_CreateNewRequest()[pri:10, instance:testcases.Headermenu_TC@1ef3efa8] output={null}]]]>
              </value>
            </param>
          </params>
          <reporter-output>
          </reporter-output>
        </test-method> <!-- afterMethod -->
        <test-method is-config="true" signature="beforeMethod()[pri:0, instance:testcases.Headermenu_TC@1ef3efa8]" started-at="2025-03-27T12:38:26 IST" name="beforeMethod" finished-at="2025-03-27T12:38:30 IST" duration-ms="4199" status="PASS">
          <reporter-output>
          </reporter-output>
        </test-method> <!-- beforeMethod -->
        <test-method is-config="true" signature="perform_loginFor_QAaccount_allAccess()[pri:0, instance:testcases.Headermenu_TC@1ef3efa8]" started-at="2025-03-27T12:38:30 IST" name="perform_loginFor_QAaccount_allAccess" finished-at="2025-03-27T12:38:32 IST" duration-ms="2430" status="PASS">
          <reporter-output>
          </reporter-output>
        </test-method> <!-- perform_loginFor_QAaccount_allAccess -->
        <test-method signature="verify_redirection_AND_LandingPageValue_MyBills_MyBillsHistory()[pri:11, instance:testcases.Headermenu_TC@1ef3efa8]" started-at="2025-03-27T12:38:32 IST" name="verify_redirection_AND_LandingPageValue_MyBills_MyBillsHistory" finished-at="2025-03-27T12:38:36 IST" duration-ms="3855" status="PASS">
          <reporter-output>
          </reporter-output>
        </test-method> <!-- verify_redirection_AND_LandingPageValue_MyBills_MyBillsHistory -->
        <test-method is-config="true" signature="afterMethod(org.testng.ITestResult)[pri:0, instance:testcases.Headermenu_TC@1ef3efa8]" started-at="2025-03-27T12:38:36 IST" name="afterMethod" finished-at="2025-03-27T12:38:37 IST" duration-ms="935" status="PASS">
          <params>
            <param index="0">
              <value>
                <![CDATA[[TestResult name=verify_redirection_AND_LandingPageValue_MyBills_MyBillsHistory status=SUCCESS method=Headermenu_TC.verify_redirection_AND_LandingPageValue_MyBills_MyBillsHistory()[pri:11, instance:testcases.Headermenu_TC@1ef3efa8] output={null}]]]>
              </value>
            </param>
          </params>
          <reporter-output>
          </reporter-output>
        </test-method> <!-- afterMethod -->
        <test-method is-config="true" signature="beforeMethod()[pri:0, instance:testcases.Headermenu_TC@1ef3efa8]" started-at="2025-03-27T12:38:37 IST" name="beforeMethod" finished-at="2025-03-27T12:38:41 IST" duration-ms="4029" status="PASS">
          <reporter-output>
          </reporter-output>
        </test-method> <!-- beforeMethod -->
        <test-method is-config="true" signature="perform_loginFor_QAaccount_allAccess()[pri:0, instance:testcases.Headermenu_TC@1ef3efa8]" started-at="2025-03-27T12:38:41 IST" name="perform_loginFor_QAaccount_allAccess" finished-at="2025-03-27T12:38:44 IST" duration-ms="2505" status="PASS">
          <reporter-output>
          </reporter-output>
        </test-method> <!-- perform_loginFor_QAaccount_allAccess -->
        <test-method signature="verify_redirection_AND_LandingPageValue_MyBills_BuApproval()[pri:12, instance:testcases.Headermenu_TC@1ef3efa8]" started-at="2025-03-27T12:38:44 IST" name="verify_redirection_AND_LandingPageValue_MyBills_BuApproval" finished-at="2025-03-27T12:38:47 IST" duration-ms="3696" status="PASS">
          <reporter-output>
          </reporter-output>
        </test-method> <!-- verify_redirection_AND_LandingPageValue_MyBills_BuApproval -->
        <test-method is-config="true" signature="afterMethod(org.testng.ITestResult)[pri:0, instance:testcases.Headermenu_TC@1ef3efa8]" started-at="2025-03-27T12:38:47 IST" name="afterMethod" finished-at="2025-03-27T12:38:47 IST" duration-ms="171" status="PASS">
          <params>
            <param index="0">
              <value>
                <![CDATA[[TestResult name=verify_redirection_AND_LandingPageValue_MyBills_BuApproval status=SUCCESS method=Headermenu_TC.verify_redirection_AND_LandingPageValue_MyBills_BuApproval()[pri:12, instance:testcases.Headermenu_TC@1ef3efa8] output={null}]]]>
              </value>
            </param>
          </params>
          <reporter-output>
          </reporter-output>
        </test-method> <!-- afterMethod -->
        <test-method is-config="true" signature="beforeMethod()[pri:0, instance:testcases.Headermenu_TC@1ef3efa8]" started-at="2025-03-27T12:38:47 IST" name="beforeMethod" finished-at="2025-03-27T12:38:56 IST" duration-ms="8592" status="PASS">
          <reporter-output>
          </reporter-output>
        </test-method> <!-- beforeMethod -->
        <test-method is-config="true" signature="perform_loginFor_QAaccount_allAccess()[pri:0, instance:testcases.Headermenu_TC@1ef3efa8]" started-at="2025-03-27T12:38:56 IST" name="perform_loginFor_QAaccount_allAccess" finished-at="2025-03-27T12:38:59 IST" duration-ms="2616" status="PASS">
          <reporter-output>
          </reporter-output>
        </test-method> <!-- perform_loginFor_QAaccount_allAccess -->
        <test-method signature="verify_redirection_AND_LandingPageValue_MyBills_BuHistory()[pri:13, instance:testcases.Headermenu_TC@1ef3efa8]" started-at="2025-03-27T12:38:59 IST" name="verify_redirection_AND_LandingPageValue_MyBills_BuHistory" finished-at="2025-03-27T12:39:02 IST" duration-ms="3775" status="PASS">
          <reporter-output>
          </reporter-output>
        </test-method> <!-- verify_redirection_AND_LandingPageValue_MyBills_BuHistory -->
        <test-method is-config="true" signature="afterMethod(org.testng.ITestResult)[pri:0, instance:testcases.Headermenu_TC@1ef3efa8]" started-at="2025-03-27T12:39:02 IST" name="afterMethod" finished-at="2025-03-27T12:39:03 IST" duration-ms="184" status="PASS">
          <params>
            <param index="0">
              <value>
                <![CDATA[[TestResult name=verify_redirection_AND_LandingPageValue_MyBills_BuHistory status=SUCCESS method=Headermenu_TC.verify_redirection_AND_LandingPageValue_MyBills_BuHistory()[pri:13, instance:testcases.Headermenu_TC@1ef3efa8] output={null}]]]>
              </value>
            </param>
          </params>
          <reporter-output>
          </reporter-output>
        </test-method> <!-- afterMethod -->
        <test-method is-config="true" signature="beforeMethod()[pri:0, instance:testcases.Headermenu_TC@1ef3efa8]" started-at="2025-03-27T12:39:03 IST" name="beforeMethod" finished-at="2025-03-27T12:39:06 IST" duration-ms="3822" status="PASS">
          <reporter-output>
          </reporter-output>
        </test-method> <!-- beforeMethod -->
        <test-method is-config="true" signature="perform_loginFor_QAaccount_allAccess()[pri:0, instance:testcases.Headermenu_TC@1ef3efa8]" started-at="2025-03-27T12:39:06 IST" name="perform_loginFor_QAaccount_allAccess" finished-at="2025-03-27T12:39:11 IST" duration-ms="4656" status="PASS">
          <reporter-output>
          </reporter-output>
        </test-method> <!-- perform_loginFor_QAaccount_allAccess -->
        <test-method signature="verify_redirection_AND_LandingPageValue_MyBills_Category()[pri:14, instance:testcases.Headermenu_TC@1ef3efa8]" started-at="2025-03-27T12:39:11 IST" name="verify_redirection_AND_LandingPageValue_MyBills_Category" finished-at="2025-03-27T12:39:17 IST" duration-ms="6181" status="PASS">
          <reporter-output>
          </reporter-output>
        </test-method> <!-- verify_redirection_AND_LandingPageValue_MyBills_Category -->
        <test-method is-config="true" signature="afterMethod(org.testng.ITestResult)[pri:0, instance:testcases.Headermenu_TC@1ef3efa8]" started-at="2025-03-27T12:39:17 IST" name="afterMethod" finished-at="2025-03-27T12:39:18 IST" duration-ms="723" status="PASS">
          <params>
            <param index="0">
              <value>
                <![CDATA[[TestResult name=verify_redirection_AND_LandingPageValue_MyBills_Category status=SUCCESS method=Headermenu_TC.verify_redirection_AND_LandingPageValue_MyBills_Category()[pri:14, instance:testcases.Headermenu_TC@1ef3efa8] output={null}]]]>
              </value>
            </param>
          </params>
          <reporter-output>
          </reporter-output>
        </test-method> <!-- afterMethod -->
        <test-method is-config="true" signature="beforeMethod()[pri:0, instance:testcases.Headermenu_TC@1ef3efa8]" started-at="2025-03-27T12:39:18 IST" name="beforeMethod" finished-at="2025-03-27T12:39:22 IST" duration-ms="4244" status="PASS">
          <reporter-output>
          </reporter-output>
        </test-method> <!-- beforeMethod -->
        <test-method is-config="true" signature="perform_loginFor_QAaccount_allAccess()[pri:0, instance:testcases.Headermenu_TC@1ef3efa8]" started-at="2025-03-27T12:39:22 IST" name="perform_loginFor_QAaccount_allAccess" finished-at="2025-03-27T12:39:25 IST" duration-ms="3177" status="PASS">
          <reporter-output>
          </reporter-output>
        </test-method> <!-- perform_loginFor_QAaccount_allAccess -->
        <test-method signature="verify_redirection_AND_LandingPageValue_MyBills_DepartmentApproval()[pri:15, instance:testcases.Headermenu_TC@1ef3efa8]" started-at="2025-03-27T12:39:25 IST" name="verify_redirection_AND_LandingPageValue_MyBills_DepartmentApproval" finished-at="2025-03-27T12:39:30 IST" duration-ms="4987" status="PASS">
          <reporter-output>
          </reporter-output>
        </test-method> <!-- verify_redirection_AND_LandingPageValue_MyBills_DepartmentApproval -->
        <test-method is-config="true" signature="afterMethod(org.testng.ITestResult)[pri:0, instance:testcases.Headermenu_TC@1ef3efa8]" started-at="2025-03-27T12:39:30 IST" name="afterMethod" finished-at="2025-03-27T12:39:31 IST" duration-ms="181" status="PASS">
          <params>
            <param index="0">
              <value>
                <![CDATA[[TestResult name=verify_redirection_AND_LandingPageValue_MyBills_DepartmentApproval status=SUCCESS method=Headermenu_TC.verify_redirection_AND_LandingPageValue_MyBills_DepartmentApproval()[pri:15, instance:testcases.Headermenu_TC@1ef3efa8] output={null}]]]>
              </value>
            </param>
          </params>
          <reporter-output>
          </reporter-output>
        </test-method> <!-- afterMethod -->
        <test-method is-config="true" signature="beforeMethod()[pri:0, instance:testcases.Headermenu_TC@1ef3efa8]" started-at="2025-03-27T12:39:31 IST" name="beforeMethod" finished-at="2025-03-27T12:39:34 IST" duration-ms="3686" status="PASS">
          <reporter-output>
          </reporter-output>
        </test-method> <!-- beforeMethod -->
        <test-method is-config="true" signature="perform_loginFor_QAaccount_allAccess()[pri:0, instance:testcases.Headermenu_TC@1ef3efa8]" started-at="2025-03-27T12:39:34 IST" name="perform_loginFor_QAaccount_allAccess" finished-at="2025-03-27T12:39:36 IST" duration-ms="2244" status="PASS">
          <reporter-output>
          </reporter-output>
        </test-method> <!-- perform_loginFor_QAaccount_allAccess -->
        <test-method signature="verify_redirection_AND_LandingPageValue_MyBills_DepartmentHistory()[pri:16, instance:testcases.Headermenu_TC@1ef3efa8]" started-at="2025-03-27T12:39:36 IST" name="verify_redirection_AND_LandingPageValue_MyBills_DepartmentHistory" finished-at="2025-03-27T12:39:42 IST" duration-ms="5819" status="PASS">
          <reporter-output>
          </reporter-output>
        </test-method> <!-- verify_redirection_AND_LandingPageValue_MyBills_DepartmentHistory -->
        <test-method is-config="true" signature="afterMethod(org.testng.ITestResult)[pri:0, instance:testcases.Headermenu_TC@1ef3efa8]" started-at="2025-03-27T12:39:42 IST" name="afterMethod" finished-at="2025-03-27T12:39:43 IST" duration-ms="237" status="PASS">
          <params>
            <param index="0">
              <value>
                <![CDATA[[TestResult name=verify_redirection_AND_LandingPageValue_MyBills_DepartmentHistory status=SUCCESS method=Headermenu_TC.verify_redirection_AND_LandingPageValue_MyBills_DepartmentHistory()[pri:16, instance:testcases.Headermenu_TC@1ef3efa8] output={null}]]]>
              </value>
            </param>
          </params>
          <reporter-output>
          </reporter-output>
        </test-method> <!-- afterMethod -->
        <test-method is-config="true" signature="beforeMethod()[pri:0, instance:testcases.Headermenu_TC@1ef3efa8]" started-at="2025-03-27T12:39:43 IST" name="beforeMethod" finished-at="2025-03-27T12:39:46 IST" duration-ms="3206" status="PASS">
          <reporter-output>
          </reporter-output>
        </test-method> <!-- beforeMethod -->
        <test-method is-config="true" signature="perform_loginFor_QAaccount_allAccess()[pri:0, instance:testcases.Headermenu_TC@1ef3efa8]" started-at="2025-03-27T12:39:46 IST" name="perform_loginFor_QAaccount_allAccess" finished-at="2025-03-27T12:39:48 IST" duration-ms="2250" status="PASS">
          <reporter-output>
          </reporter-output>
        </test-method> <!-- perform_loginFor_QAaccount_allAccess -->
        <test-method signature="verify_redirection_AND_LandingPageValue_MyBills_FinanceApproval()[pri:17, instance:testcases.Headermenu_TC@1ef3efa8]" started-at="2025-03-27T12:39:48 IST" name="verify_redirection_AND_LandingPageValue_MyBills_FinanceApproval" finished-at="2025-03-27T12:39:52 IST" duration-ms="4383" status="PASS">
          <reporter-output>
          </reporter-output>
        </test-method> <!-- verify_redirection_AND_LandingPageValue_MyBills_FinanceApproval -->
        <test-method is-config="true" signature="afterMethod(org.testng.ITestResult)[pri:0, instance:testcases.Headermenu_TC@1ef3efa8]" started-at="2025-03-27T12:39:52 IST" name="afterMethod" finished-at="2025-03-27T12:39:53 IST" duration-ms="185" status="PASS">
          <params>
            <param index="0">
              <value>
                <![CDATA[[TestResult name=verify_redirection_AND_LandingPageValue_MyBills_FinanceApproval status=SUCCESS method=Headermenu_TC.verify_redirection_AND_LandingPageValue_MyBills_FinanceApproval()[pri:17, instance:testcases.Headermenu_TC@1ef3efa8] output={null}]]]>
              </value>
            </param>
          </params>
          <reporter-output>
          </reporter-output>
        </test-method> <!-- afterMethod -->
        <test-method is-config="true" signature="beforeMethod()[pri:0, instance:testcases.Headermenu_TC@1ef3efa8]" started-at="2025-03-27T12:39:53 IST" name="beforeMethod" finished-at="2025-03-27T12:39:56 IST" duration-ms="3043" status="PASS">
          <reporter-output>
          </reporter-output>
        </test-method> <!-- beforeMethod -->
        <test-method is-config="true" signature="perform_loginFor_QAaccount_allAccess()[pri:0, instance:testcases.Headermenu_TC@1ef3efa8]" started-at="2025-03-27T12:39:56 IST" name="perform_loginFor_QAaccount_allAccess" finished-at="2025-03-27T12:39:58 IST" duration-ms="2091" status="PASS">
          <reporter-output>
          </reporter-output>
        </test-method> <!-- perform_loginFor_QAaccount_allAccess -->
        <test-method signature="verify_redirection_AND_LandingPageValue_MyBills_FinanceHistory()[pri:18, instance:testcases.Headermenu_TC@1ef3efa8]" started-at="2025-03-27T12:39:58 IST" name="verify_redirection_AND_LandingPageValue_MyBills_FinanceHistory" finished-at="2025-03-27T12:40:03 IST" duration-ms="5473" status="FAIL">
          <exception class="org.openqa.selenium.NoSuchElementException">
            <message>
              <![CDATA[no such element: Unable to locate element: {"method":"xpath","selector":"(//p[normalize-space()='My Bills'])[1]"}
  (Session info: chrome=134.0.6998.166)
For documentation on this error, please visit: https://www.selenium.dev/documentation/webdriver/troubleshooting/errors#no-such-element-exception
Build info: version: '4.10.0', revision: 'c14d967899'
System info: os.name: 'Windows 10', os.arch: 'amd64', os.version: '10.0', java.version: '17.0.9'
Driver info: org.openqa.selenium.chrome.ChromeDriver
Command: [1567e87c9b0bdc5593f3ad593ad49c5e, findElement {using=xpath, value=(//p[normalize-space()='My Bills'])[1]}]
Capabilities {acceptInsecureCerts: false, browserName: chrome, browserVersion: 134.0.6998.166, chrome: {chromedriverVersion: 134.0.6998.165 (fd886e2cb29..., userDataDir: C:\Users\Insemi\AppData\Loc...}, fedcm:accounts: true, goog:chromeOptions: {debuggerAddress: localhost:55962}, networkConnectionEnabled: false, pageLoadStrategy: normal, platformName: windows, proxy: Proxy(), se:cdp: ws://localhost:55962/devtoo..., se:cdpVersion: 134.0.6998.166, setWindowRect: true, strictFileInteractability: false, timeouts: {implicit: 0, pageLoad: 300000, script: 30000}, unhandledPromptBehavior: dismiss and notify, webauthn:extension:credBlob: true, webauthn:extension:largeBlob: true, webauthn:extension:minPinLength: true, webauthn:extension:prf: true, webauthn:virtualAuthenticators: true}
Session ID: 1567e87c9b0bdc5593f3ad593ad49c5e]]>
            </message>
            <full-stacktrace>
              <![CDATA[org.openqa.selenium.NoSuchElementException: no such element: Unable to locate element: {"method":"xpath","selector":"(//p[normalize-space()='My Bills'])[1]"}
  (Session info: chrome=134.0.6998.166)
For documentation on this error, please visit: https://www.selenium.dev/documentation/webdriver/troubleshooting/errors#no-such-element-exception
Build info: version: '4.10.0', revision: 'c14d967899'
System info: os.name: 'Windows 10', os.arch: 'amd64', os.version: '10.0', java.version: '17.0.9'
Driver info: org.openqa.selenium.chrome.ChromeDriver
Command: [1567e87c9b0bdc5593f3ad593ad49c5e, findElement {using=xpath, value=(//p[normalize-space()='My Bills'])[1]}]
Capabilities {acceptInsecureCerts: false, browserName: chrome, browserVersion: 134.0.6998.166, chrome: {chromedriverVersion: 134.0.6998.165 (fd886e2cb29..., userDataDir: C:\Users\Insemi\AppData\Loc...}, fedcm:accounts: true, goog:chromeOptions: {debuggerAddress: localhost:55962}, networkConnectionEnabled: false, pageLoadStrategy: normal, platformName: windows, proxy: Proxy(), se:cdp: ws://localhost:55962/devtoo..., se:cdpVersion: 134.0.6998.166, setWindowRect: true, strictFileInteractability: false, timeouts: {implicit: 0, pageLoad: 300000, script: 30000}, unhandledPromptBehavior: dismiss and notify, webauthn:extension:credBlob: true, webauthn:extension:largeBlob: true, webauthn:extension:minPinLength: true, webauthn:extension:prf: true, webauthn:virtualAuthenticators: true}
Session ID: 1567e87c9b0bdc5593f3ad593ad49c5e
at java.base/jdk.internal.reflect.NativeConstructorAccessorImpl.newInstance0(Native Method)
at java.base/jdk.internal.reflect.NativeConstructorAccessorImpl.newInstance(NativeConstructorAccessorImpl.java:77)
at java.base/jdk.internal.reflect.DelegatingConstructorAccessorImpl.newInstance(DelegatingConstructorAccessorImpl.java:45)
at java.base/java.lang.reflect.Constructor.newInstanceWithCaller(Constructor.java:499)
at java.base/java.lang.reflect.Constructor.newInstance(Constructor.java:480)
at org.openqa.selenium.remote.codec.w3c.W3CHttpResponseCodec.createException(W3CHttpResponseCodec.java:199)
at org.openqa.selenium.remote.codec.w3c.W3CHttpResponseCodec.decode(W3CHttpResponseCodec.java:132)
at org.openqa.selenium.remote.codec.w3c.W3CHttpResponseCodec.decode(W3CHttpResponseCodec.java:51)
at org.openqa.selenium.remote.HttpCommandExecutor.execute(HttpCommandExecutor.java:191)
at org.openqa.selenium.remote.service.DriverCommandExecutor.invokeExecute(DriverCommandExecutor.java:196)
at org.openqa.selenium.remote.service.DriverCommandExecutor.execute(DriverCommandExecutor.java:171)
at org.openqa.selenium.remote.RemoteWebDriver.execute(RemoteWebDriver.java:531)
at org.openqa.selenium.remote.ElementLocation$ElementFinder$2.findElement(ElementLocation.java:165)
at org.openqa.selenium.remote.ElementLocation.findElement(ElementLocation.java:59)
at org.openqa.selenium.remote.RemoteWebDriver.findElement(RemoteWebDriver.java:350)
at org.openqa.selenium.remote.RemoteWebDriver.findElement(RemoteWebDriver.java:344)
at org.openqa.selenium.support.pagefactory.DefaultElementLocator.findElement(DefaultElementLocator.java:68)
at org.openqa.selenium.support.pagefactory.internal.LocatingElementHandler.invoke(LocatingElementHandler.java:38)
at jdk.proxy2/jdk.proxy2.$Proxy20.click(Unknown Source)
at utils.GeneralUtilities.element_Click(GeneralUtilities.java:55)
at pageObjects.header.Headermenus_PG.get_LandingPageValue_MyBills_FinanceHistory(Headermenus_PG.java:257)
at testcases.Headermenu_TC.verify_redirection_AND_LandingPageValue_MyBills_FinanceHistory(Headermenu_TC.java:404)
at java.base/jdk.internal.reflect.NativeMethodAccessorImpl.invoke0(Native Method)
at java.base/jdk.internal.reflect.NativeMethodAccessorImpl.invoke(NativeMethodAccessorImpl.java:77)
at java.base/jdk.internal.reflect.DelegatingMethodAccessorImpl.invoke(DelegatingMethodAccessorImpl.java:43)
at java.base/java.lang.reflect.Method.invoke(Method.java:568)
at org.testng.internal.MethodInvocationHelper.invokeMethod(MethodInvocationHelper.java:133)
at org.testng.internal.TestInvoker.invokeMethod(TestInvoker.java:598)
at org.testng.internal.TestInvoker.invokeTestMethod(TestInvoker.java:173)
at org.testng.internal.MethodRunner.runInSequence(MethodRunner.java:46)
at org.testng.internal.TestInvoker$MethodInvocationAgent.invoke(TestInvoker.java:824)
at org.testng.internal.TestInvoker.invokeTestMethods(TestInvoker.java:146)
at org.testng.internal.TestMethodWorker.invokeTestMethods(TestMethodWorker.java:146)
at org.testng.internal.TestMethodWorker.run(TestMethodWorker.java:128)
at java.base/java.util.ArrayList.forEach(ArrayList.java:1511)
at org.testng.TestRunner.privateRun(TestRunner.java:794)
at org.testng.TestRunner.run(TestRunner.java:596)
at org.testng.SuiteRunner.runTest(SuiteRunner.java:377)
at org.testng.SuiteRunner.runSequentially(SuiteRunner.java:371)
at org.testng.SuiteRunner.privateRun(SuiteRunner.java:332)
at org.testng.SuiteRunner.run(SuiteRunner.java:276)
at org.testng.SuiteRunnerWorker.runSuite(SuiteRunnerWorker.java:53)
at org.testng.SuiteRunnerWorker.run(SuiteRunnerWorker.java:96)
at org.testng.TestNG.runSuitesSequentially(TestNG.java:1212)
at org.testng.TestNG.runSuitesLocally(TestNG.java:1134)
at org.testng.TestNG.runSuites(TestNG.java:1063)
at org.testng.TestNG.run(TestNG.java:1031)
at org.testng.remote.AbstractRemoteTestNG.run(AbstractRemoteTestNG.java:115)
at org.testng.remote.RemoteTestNG.initAndRun(RemoteTestNG.java:251)
at org.testng.remote.RemoteTestNG.main(RemoteTestNG.java:77)
]]>
            </full-stacktrace>
          </exception> <!-- org.openqa.selenium.NoSuchElementException -->
          <reporter-output>
          </reporter-output>
        </test-method> <!-- verify_redirection_AND_LandingPageValue_MyBills_FinanceHistory -->
        <test-method is-config="true" signature="afterMethod(org.testng.ITestResult)[pri:0, instance:testcases.Headermenu_TC@1ef3efa8]" started-at="2025-03-27T12:40:03 IST" name="afterMethod" finished-at="2025-03-27T12:40:03 IST" duration-ms="236" status="PASS">
          <params>
            <param index="0">
              <value>
                <![CDATA[[TestResult name=verify_redirection_AND_LandingPageValue_MyBills_FinanceHistory status=FAILURE method=Headermenu_TC.verify_redirection_AND_LandingPageValue_MyBills_FinanceHistory()[pri:18, instance:testcases.Headermenu_TC@1ef3efa8] output={null}]]]>
              </value>
            </param>
          </params>
          <reporter-output>
          </reporter-output>
        </test-method> <!-- afterMethod -->
        <test-method is-config="true" signature="beforeMethod()[pri:0, instance:testcases.Headermenu_TC@1ef3efa8]" started-at="2025-03-27T12:40:03 IST" name="beforeMethod" finished-at="2025-03-27T12:40:07 IST" duration-ms="3435" status="PASS">
          <reporter-output>
          </reporter-output>
        </test-method> <!-- beforeMethod -->
        <test-method is-config="true" signature="perform_loginFor_QAaccount_allAccess()[pri:0, instance:testcases.Headermenu_TC@1ef3efa8]" started-at="2025-03-27T12:40:07 IST" name="perform_loginFor_QAaccount_allAccess" finished-at="2025-03-27T12:40:09 IST" duration-ms="2560" status="PASS">
          <reporter-output>
          </reporter-output>
        </test-method> <!-- perform_loginFor_QAaccount_allAccess -->
        <test-method signature="mouseHover_Header_Apps_visibilityCheck_of_GandR()[pri:19, instance:testcases.Headermenu_TC@1ef3efa8]" started-at="2025-03-27T12:40:09 IST" name="mouseHover_Header_Apps_visibilityCheck_of_GandR" finished-at="2025-03-27T12:40:10 IST" duration-ms="653" status="PASS">
          <reporter-output>
          </reporter-output>
        </test-method> <!-- mouseHover_Header_Apps_visibilityCheck_of_GandR -->
        <test-method is-config="true" signature="afterMethod(org.testng.ITestResult)[pri:0, instance:testcases.Headermenu_TC@1ef3efa8]" started-at="2025-03-27T12:40:10 IST" name="afterMethod" finished-at="2025-03-27T12:40:10 IST" duration-ms="185" status="PASS">
          <params>
            <param index="0">
              <value>
                <![CDATA[[TestResult name=mouseHover_Header_Apps_visibilityCheck_of_GandR status=SUCCESS method=Headermenu_TC.mouseHover_Header_Apps_visibilityCheck_of_GandR()[pri:19, instance:testcases.Headermenu_TC@1ef3efa8] output={null}]]]>
              </value>
            </param>
          </params>
          <reporter-output>
          </reporter-output>
        </test-method> <!-- afterMethod -->
        <test-method is-config="true" signature="beforeMethod()[pri:0, instance:testcases.Headermenu_TC@1ef3efa8]" started-at="2025-03-27T12:40:10 IST" name="beforeMethod" finished-at="2025-03-27T12:40:13 IST" duration-ms="2896" status="PASS">
          <reporter-output>
          </reporter-output>
        </test-method> <!-- beforeMethod -->
        <test-method is-config="true" signature="perform_loginFor_QAaccount_allAccess()[pri:0, instance:testcases.Headermenu_TC@1ef3efa8]" started-at="2025-03-27T12:40:13 IST" name="perform_loginFor_QAaccount_allAccess" finished-at="2025-03-27T12:40:15 IST" duration-ms="2304" status="PASS">
          <reporter-output>
          </reporter-output>
        </test-method> <!-- perform_loginFor_QAaccount_allAccess -->
        <test-method signature="verify_redirection_AND_LandingPageValue_GandR_Initiation()[pri:20, instance:testcases.Headermenu_TC@1ef3efa8]" started-at="2025-03-27T12:40:15 IST" name="verify_redirection_AND_LandingPageValue_GandR_Initiation" finished-at="2025-03-27T12:40:18 IST" duration-ms="3004" status="PASS">
          <reporter-output>
          </reporter-output>
        </test-method> <!-- verify_redirection_AND_LandingPageValue_GandR_Initiation -->
        <test-method is-config="true" signature="afterMethod(org.testng.ITestResult)[pri:0, instance:testcases.Headermenu_TC@1ef3efa8]" started-at="2025-03-27T12:40:18 IST" name="afterMethod" finished-at="2025-03-27T12:40:19 IST" duration-ms="177" status="PASS">
          <params>
            <param index="0">
              <value>
                <![CDATA[[TestResult name=verify_redirection_AND_LandingPageValue_GandR_Initiation status=SUCCESS method=Headermenu_TC.verify_redirection_AND_LandingPageValue_GandR_Initiation()[pri:20, instance:testcases.Headermenu_TC@1ef3efa8] output={null}]]]>
              </value>
            </param>
          </params>
          <reporter-output>
          </reporter-output>
        </test-method> <!-- afterMethod -->
        <test-method is-config="true" signature="beforeMethod()[pri:0, instance:testcases.Headermenu_TC@1ef3efa8]" started-at="2025-03-27T12:40:19 IST" name="beforeMethod" finished-at="2025-03-27T12:40:23 IST" duration-ms="4263" status="PASS">
          <reporter-output>
          </reporter-output>
        </test-method> <!-- beforeMethod -->
        <test-method is-config="true" signature="perform_loginFor_QAaccount_allAccess()[pri:0, instance:testcases.Headermenu_TC@1ef3efa8]" started-at="2025-03-27T12:40:23 IST" name="perform_loginFor_QAaccount_allAccess" finished-at="2025-03-27T12:40:45 IST" duration-ms="21892" status="FAIL">
          <exception class="org.openqa.selenium.TimeoutException">
            <message>
              <![CDATA[Expected condition failed: waiting for visibility of Proxy element for: DefaultElementLocator 'By.xpath: //button[normalize-space()='View Profile']' (tried for 15 second(s) with 500 milliseconds interval)]]>
            </message>
            <full-stacktrace>
              <![CDATA[org.openqa.selenium.TimeoutException: Expected condition failed: waiting for visibility of Proxy element for: DefaultElementLocator 'By.xpath: //button[normalize-space()='View Profile']' (tried for 15 second(s) with 500 milliseconds interval)
at org.openqa.selenium.support.ui.WebDriverWait.timeoutException(WebDriverWait.java:84)
at org.openqa.selenium.support.ui.FluentWait.until(FluentWait.java:230)
at utils.GeneralUtilities.visibility_wait_utility(GeneralUtilities.java:39)
at pageObjects.loginPage.LoginPage_PG.visibility_ofElement_in_Dashboard(LoginPage_PG.java:51)
at testcases.Headermenu_TC.perform_loginFor_QAaccount_allAccess(Headermenu_TC.java:46)
at jdk.internal.reflect.GeneratedMethodAccessor5.invoke(Unknown Source)
at java.base/jdk.internal.reflect.DelegatingMethodAccessorImpl.invoke(DelegatingMethodAccessorImpl.java:43)
at java.base/java.lang.reflect.Method.invoke(Method.java:568)
at org.testng.internal.MethodInvocationHelper.invokeMethod(MethodInvocationHelper.java:133)
at org.testng.internal.MethodInvocationHelper.invokeMethodConsideringTimeout(MethodInvocationHelper.java:62)
at org.testng.internal.ConfigInvoker.invokeConfigurationMethod(ConfigInvoker.java:385)
at org.testng.internal.ConfigInvoker.invokeConfigurations(ConfigInvoker.java:321)
at org.testng.internal.TestInvoker.runConfigMethods(TestInvoker.java:700)
at org.testng.internal.TestInvoker.invokeMethod(TestInvoker.java:527)
at org.testng.internal.TestInvoker.invokeTestMethod(TestInvoker.java:173)
at org.testng.internal.MethodRunner.runInSequence(MethodRunner.java:46)
at org.testng.internal.TestInvoker$MethodInvocationAgent.invoke(TestInvoker.java:824)
at org.testng.internal.TestInvoker.invokeTestMethods(TestInvoker.java:146)
at org.testng.internal.TestMethodWorker.invokeTestMethods(TestMethodWorker.java:146)
at org.testng.internal.TestMethodWorker.run(TestMethodWorker.java:128)
at java.base/java.util.ArrayList.forEach(ArrayList.java:1511)
at org.testng.TestRunner.privateRun(TestRunner.java:794)
at org.testng.TestRunner.run(TestRunner.java:596)
at org.testng.SuiteRunner.runTest(SuiteRunner.java:377)
at org.testng.SuiteRunner.runSequentially(SuiteRunner.java:371)
at org.testng.SuiteRunner.privateRun(SuiteRunner.java:332)
at org.testng.SuiteRunner.run(SuiteRunner.java:276)
at org.testng.SuiteRunnerWorker.runSuite(SuiteRunnerWorker.java:53)
at org.testng.SuiteRunnerWorker.run(SuiteRunnerWorker.java:96)
at org.testng.TestNG.runSuitesSequentially(TestNG.java:1212)
at org.testng.TestNG.runSuitesLocally(TestNG.java:1134)
at org.testng.TestNG.runSuites(TestNG.java:1063)
at org.testng.TestNG.run(TestNG.java:1031)
at org.testng.remote.AbstractRemoteTestNG.run(AbstractRemoteTestNG.java:115)
at org.testng.remote.RemoteTestNG.initAndRun(RemoteTestNG.java:251)
at org.testng.remote.RemoteTestNG.main(RemoteTestNG.java:77)
Caused by: org.openqa.selenium.NoSuchElementException: no such element: Unable to locate element: {"method":"xpath","selector":"//button[normalize-space()='View Profile']"}
  (Session info: chrome=134.0.6998.166)
For documentation on this error, please visit: https://www.selenium.dev/documentation/webdriver/troubleshooting/errors#no-such-element-exception
Build info: version: '4.10.0', revision: 'c14d967899'
System info: os.name: 'Windows 10', os.arch: 'amd64', os.version: '10.0', java.version: '17.0.9'
Driver info: org.openqa.selenium.chrome.ChromeDriver
Command: [43bf54bd346ecbef7acdb23ff85e90d7, findElement {using=xpath, value=//button[normalize-space()='View Profile']}]
Capabilities {acceptInsecureCerts: false, browserName: chrome, browserVersion: 134.0.6998.166, chrome: {chromedriverVersion: 134.0.6998.165 (fd886e2cb29..., userDataDir: C:\Users\Insemi\AppData\Loc...}, fedcm:accounts: true, goog:chromeOptions: {debuggerAddress: localhost:56076}, networkConnectionEnabled: false, pageLoadStrategy: normal, platformName: windows, proxy: Proxy(), se:cdp: ws://localhost:56076/devtoo..., se:cdpVersion: 134.0.6998.166, setWindowRect: true, strictFileInteractability: false, timeouts: {implicit: 0, pageLoad: 300000, script: 30000}, unhandledPromptBehavior: dismiss and notify, webauthn:extension:credBlob: true, webauthn:extension:largeBlob: true, webauthn:extension:minPinLength: true, webauthn:extension:prf: true, webauthn:virtualAuthenticators: true}
Session ID: 43bf54bd346ecbef7acdb23ff85e90d7
at java.base/jdk.internal.reflect.NativeConstructorAccessorImpl.newInstance0(Native Method)
at java.base/jdk.internal.reflect.NativeConstructorAccessorImpl.newInstance(NativeConstructorAccessorImpl.java:77)
at java.base/jdk.internal.reflect.DelegatingConstructorAccessorImpl.newInstance(DelegatingConstructorAccessorImpl.java:45)
at java.base/java.lang.reflect.Constructor.newInstanceWithCaller(Constructor.java:499)
at java.base/java.lang.reflect.Constructor.newInstance(Constructor.java:480)
at org.openqa.selenium.remote.codec.w3c.W3CHttpResponseCodec.createException(W3CHttpResponseCodec.java:199)
at org.openqa.selenium.remote.codec.w3c.W3CHttpResponseCodec.decode(W3CHttpResponseCodec.java:132)
at org.openqa.selenium.remote.codec.w3c.W3CHttpResponseCodec.decode(W3CHttpResponseCodec.java:51)
at org.openqa.selenium.remote.HttpCommandExecutor.execute(HttpCommandExecutor.java:191)
at org.openqa.selenium.remote.service.DriverCommandExecutor.invokeExecute(DriverCommandExecutor.java:196)
at org.openqa.selenium.remote.service.DriverCommandExecutor.execute(DriverCommandExecutor.java:171)
at org.openqa.selenium.remote.RemoteWebDriver.execute(RemoteWebDriver.java:531)
at org.openqa.selenium.remote.ElementLocation$ElementFinder$2.findElement(ElementLocation.java:165)
at org.openqa.selenium.remote.ElementLocation.findElement(ElementLocation.java:59)
at org.openqa.selenium.remote.RemoteWebDriver.findElement(RemoteWebDriver.java:350)
at org.openqa.selenium.remote.RemoteWebDriver.findElement(RemoteWebDriver.java:344)
at org.openqa.selenium.support.pagefactory.DefaultElementLocator.findElement(DefaultElementLocator.java:68)
at org.openqa.selenium.support.pagefactory.internal.LocatingElementHandler.invoke(LocatingElementHandler.java:38)
at jdk.proxy2/jdk.proxy2.$Proxy20.isDisplayed(Unknown Source)
at org.openqa.selenium.support.ui.ExpectedConditions.elementIfVisible(ExpectedConditions.java:304)
at org.openqa.selenium.support.ui.ExpectedConditions.access$000(ExpectedConditions.java:37)
at org.openqa.selenium.support.ui.ExpectedConditions$10.apply(ExpectedConditions.java:290)
at org.openqa.selenium.support.ui.ExpectedConditions$10.apply(ExpectedConditions.java:287)
at org.openqa.selenium.support.ui.FluentWait.until(FluentWait.java:205)
... 34 more
]]>
            </full-stacktrace>
          </exception> <!-- org.openqa.selenium.TimeoutException -->
          <reporter-output>
          </reporter-output>
        </test-method> <!-- perform_loginFor_QAaccount_allAccess -->
        <test-method signature="verify_redirection_AND_LandingPageValue_GandR_MyGoals()[pri:21, instance:testcases.Headermenu_TC@1ef3efa8]" started-at="2025-03-27T12:40:45 IST" name="verify_redirection_AND_LandingPageValue_GandR_MyGoals" finished-at="2025-03-27T12:40:45 IST" duration-ms="0" status="SKIP">
          <exception class="org.openqa.selenium.TimeoutException">
            <message>
              <![CDATA[Expected condition failed: waiting for visibility of Proxy element for: DefaultElementLocator 'By.xpath: //button[normalize-space()='View Profile']' (tried for 15 second(s) with 500 milliseconds interval)]]>
            </message>
            <full-stacktrace>
              <![CDATA[org.openqa.selenium.TimeoutException: Expected condition failed: waiting for visibility of Proxy element for: DefaultElementLocator 'By.xpath: //button[normalize-space()='View Profile']' (tried for 15 second(s) with 500 milliseconds interval)
at org.openqa.selenium.support.ui.WebDriverWait.timeoutException(WebDriverWait.java:84)
at org.openqa.selenium.support.ui.FluentWait.until(FluentWait.java:230)
at utils.GeneralUtilities.visibility_wait_utility(GeneralUtilities.java:39)
at pageObjects.loginPage.LoginPage_PG.visibility_ofElement_in_Dashboard(LoginPage_PG.java:51)
at testcases.Headermenu_TC.perform_loginFor_QAaccount_allAccess(Headermenu_TC.java:46)
at jdk.internal.reflect.GeneratedMethodAccessor5.invoke(Unknown Source)
at java.base/jdk.internal.reflect.DelegatingMethodAccessorImpl.invoke(DelegatingMethodAccessorImpl.java:43)
at java.base/java.lang.reflect.Method.invoke(Method.java:568)
at org.testng.internal.MethodInvocationHelper.invokeMethod(MethodInvocationHelper.java:133)
at org.testng.internal.MethodInvocationHelper.invokeMethodConsideringTimeout(MethodInvocationHelper.java:62)
at org.testng.internal.ConfigInvoker.invokeConfigurationMethod(ConfigInvoker.java:385)
at org.testng.internal.ConfigInvoker.invokeConfigurations(ConfigInvoker.java:321)
at org.testng.internal.TestInvoker.runConfigMethods(TestInvoker.java:700)
at org.testng.internal.TestInvoker.invokeMethod(TestInvoker.java:527)
at org.testng.internal.TestInvoker.invokeTestMethod(TestInvoker.java:173)
at org.testng.internal.MethodRunner.runInSequence(MethodRunner.java:46)
at org.testng.internal.TestInvoker$MethodInvocationAgent.invoke(TestInvoker.java:824)
at org.testng.internal.TestInvoker.invokeTestMethods(TestInvoker.java:146)
at org.testng.internal.TestMethodWorker.invokeTestMethods(TestMethodWorker.java:146)
at org.testng.internal.TestMethodWorker.run(TestMethodWorker.java:128)
at java.base/java.util.ArrayList.forEach(ArrayList.java:1511)
at org.testng.TestRunner.privateRun(TestRunner.java:794)
at org.testng.TestRunner.run(TestRunner.java:596)
at org.testng.SuiteRunner.runTest(SuiteRunner.java:377)
at org.testng.SuiteRunner.runSequentially(SuiteRunner.java:371)
at org.testng.SuiteRunner.privateRun(SuiteRunner.java:332)
at org.testng.SuiteRunner.run(SuiteRunner.java:276)
at org.testng.SuiteRunnerWorker.runSuite(SuiteRunnerWorker.java:53)
at org.testng.SuiteRunnerWorker.run(SuiteRunnerWorker.java:96)
at org.testng.TestNG.runSuitesSequentially(TestNG.java:1212)
at org.testng.TestNG.runSuitesLocally(TestNG.java:1134)
at org.testng.TestNG.runSuites(TestNG.java:1063)
at org.testng.TestNG.run(TestNG.java:1031)
at org.testng.remote.AbstractRemoteTestNG.run(AbstractRemoteTestNG.java:115)
at org.testng.remote.RemoteTestNG.initAndRun(RemoteTestNG.java:251)
at org.testng.remote.RemoteTestNG.main(RemoteTestNG.java:77)
Caused by: org.openqa.selenium.NoSuchElementException: no such element: Unable to locate element: {"method":"xpath","selector":"//button[normalize-space()='View Profile']"}
  (Session info: chrome=134.0.6998.166)
For documentation on this error, please visit: https://www.selenium.dev/documentation/webdriver/troubleshooting/errors#no-such-element-exception
Build info: version: '4.10.0', revision: 'c14d967899'
System info: os.name: 'Windows 10', os.arch: 'amd64', os.version: '10.0', java.version: '17.0.9'
Driver info: org.openqa.selenium.chrome.ChromeDriver
Command: [43bf54bd346ecbef7acdb23ff85e90d7, findElement {using=xpath, value=//button[normalize-space()='View Profile']}]
Capabilities {acceptInsecureCerts: false, browserName: chrome, browserVersion: 134.0.6998.166, chrome: {chromedriverVersion: 134.0.6998.165 (fd886e2cb29..., userDataDir: C:\Users\Insemi\AppData\Loc...}, fedcm:accounts: true, goog:chromeOptions: {debuggerAddress: localhost:56076}, networkConnectionEnabled: false, pageLoadStrategy: normal, platformName: windows, proxy: Proxy(), se:cdp: ws://localhost:56076/devtoo..., se:cdpVersion: 134.0.6998.166, setWindowRect: true, strictFileInteractability: false, timeouts: {implicit: 0, pageLoad: 300000, script: 30000}, unhandledPromptBehavior: dismiss and notify, webauthn:extension:credBlob: true, webauthn:extension:largeBlob: true, webauthn:extension:minPinLength: true, webauthn:extension:prf: true, webauthn:virtualAuthenticators: true}
Session ID: 43bf54bd346ecbef7acdb23ff85e90d7
at java.base/jdk.internal.reflect.NativeConstructorAccessorImpl.newInstance0(Native Method)
at java.base/jdk.internal.reflect.NativeConstructorAccessorImpl.newInstance(NativeConstructorAccessorImpl.java:77)
at java.base/jdk.internal.reflect.DelegatingConstructorAccessorImpl.newInstance(DelegatingConstructorAccessorImpl.java:45)
at java.base/java.lang.reflect.Constructor.newInstanceWithCaller(Constructor.java:499)
at java.base/java.lang.reflect.Constructor.newInstance(Constructor.java:480)
at org.openqa.selenium.remote.codec.w3c.W3CHttpResponseCodec.createException(W3CHttpResponseCodec.java:199)
at org.openqa.selenium.remote.codec.w3c.W3CHttpResponseCodec.decode(W3CHttpResponseCodec.java:132)
at org.openqa.selenium.remote.codec.w3c.W3CHttpResponseCodec.decode(W3CHttpResponseCodec.java:51)
at org.openqa.selenium.remote.HttpCommandExecutor.execute(HttpCommandExecutor.java:191)
at org.openqa.selenium.remote.service.DriverCommandExecutor.invokeExecute(DriverCommandExecutor.java:196)
at org.openqa.selenium.remote.service.DriverCommandExecutor.execute(DriverCommandExecutor.java:171)
at org.openqa.selenium.remote.RemoteWebDriver.execute(RemoteWebDriver.java:531)
at org.openqa.selenium.remote.ElementLocation$ElementFinder$2.findElement(ElementLocation.java:165)
at org.openqa.selenium.remote.ElementLocation.findElement(ElementLocation.java:59)
at org.openqa.selenium.remote.RemoteWebDriver.findElement(RemoteWebDriver.java:350)
at org.openqa.selenium.remote.RemoteWebDriver.findElement(RemoteWebDriver.java:344)
at org.openqa.selenium.support.pagefactory.DefaultElementLocator.findElement(DefaultElementLocator.java:68)
at org.openqa.selenium.support.pagefactory.internal.LocatingElementHandler.invoke(LocatingElementHandler.java:38)
at jdk.proxy2/jdk.proxy2.$Proxy20.isDisplayed(Unknown Source)
at org.openqa.selenium.support.ui.ExpectedConditions.elementIfVisible(ExpectedConditions.java:304)
at org.openqa.selenium.support.ui.ExpectedConditions.access$000(ExpectedConditions.java:37)
at org.openqa.selenium.support.ui.ExpectedConditions$10.apply(ExpectedConditions.java:290)
at org.openqa.selenium.support.ui.ExpectedConditions$10.apply(ExpectedConditions.java:287)
at org.openqa.selenium.support.ui.FluentWait.until(FluentWait.java:205)
... 34 more
]]>
            </full-stacktrace>
          </exception> <!-- org.openqa.selenium.TimeoutException -->
          <reporter-output>
          </reporter-output>
        </test-method> <!-- verify_redirection_AND_LandingPageValue_GandR_MyGoals -->
        <test-method is-config="true" signature="afterMethod(org.testng.ITestResult)[pri:0, instance:testcases.Headermenu_TC@1ef3efa8]" started-at="2025-03-27T12:40:45 IST" name="afterMethod" finished-at="2025-03-27T12:40:45 IST" duration-ms="172" status="PASS">
          <params>
            <param index="0">
              <value>
                <![CDATA[[TestResult name={null} status=CREATED method=Headermenu_TC.verify_redirection_AND_LandingPageValue_GandR_MyGoals()[pri:21, instance:testcases.Headermenu_TC@1ef3efa8] output={null}]]]>
              </value>
            </param>
          </params>
          <reporter-output>
          </reporter-output>
        </test-method> <!-- afterMethod -->
        <test-method is-config="true" signature="perform_loginFor_QAaccount_allAccess()[pri:0, instance:testcases.Headermenu_TC@1ef3efa8]" started-at="2025-03-27T12:40:45 IST" name="perform_loginFor_QAaccount_allAccess" finished-at="1970-01-01T05:30:00 IST" duration-ms="-1743059445454" status="SKIP">
          <reporter-output>
          </reporter-output>
        </test-method> <!-- perform_loginFor_QAaccount_allAccess -->
        <test-method is-config="true" signature="beforeMethod()[pri:0, instance:testcases.Headermenu_TC@1ef3efa8]" started-at="2025-03-27T12:40:45 IST" name="beforeMethod" finished-at="1970-01-01T05:30:00 IST" duration-ms="-1743059445454" status="SKIP">
          <reporter-output>
          </reporter-output>
        </test-method> <!-- beforeMethod -->
        <test-method signature="verify_redirection_AND_LandingPageValue_GandR_RatingPending()[pri:22, instance:testcases.Headermenu_TC@1ef3efa8]" started-at="2025-03-27T12:40:45 IST" name="verify_redirection_AND_LandingPageValue_GandR_RatingPending" finished-at="2025-03-27T12:40:45 IST" duration-ms="0" status="SKIP">
          <exception class="org.openqa.selenium.TimeoutException">
            <message>
              <![CDATA[Expected condition failed: waiting for visibility of Proxy element for: DefaultElementLocator 'By.xpath: //button[normalize-space()='View Profile']' (tried for 15 second(s) with 500 milliseconds interval)]]>
            </message>
            <full-stacktrace>
              <![CDATA[org.openqa.selenium.TimeoutException: Expected condition failed: waiting for visibility of Proxy element for: DefaultElementLocator 'By.xpath: //button[normalize-space()='View Profile']' (tried for 15 second(s) with 500 milliseconds interval)
at org.openqa.selenium.support.ui.WebDriverWait.timeoutException(WebDriverWait.java:84)
at org.openqa.selenium.support.ui.FluentWait.until(FluentWait.java:230)
at utils.GeneralUtilities.visibility_wait_utility(GeneralUtilities.java:39)
at pageObjects.loginPage.LoginPage_PG.visibility_ofElement_in_Dashboard(LoginPage_PG.java:51)
at testcases.Headermenu_TC.perform_loginFor_QAaccount_allAccess(Headermenu_TC.java:46)
at jdk.internal.reflect.GeneratedMethodAccessor5.invoke(Unknown Source)
at java.base/jdk.internal.reflect.DelegatingMethodAccessorImpl.invoke(DelegatingMethodAccessorImpl.java:43)
at java.base/java.lang.reflect.Method.invoke(Method.java:568)
at org.testng.internal.MethodInvocationHelper.invokeMethod(MethodInvocationHelper.java:133)
at org.testng.internal.MethodInvocationHelper.invokeMethodConsideringTimeout(MethodInvocationHelper.java:62)
at org.testng.internal.ConfigInvoker.invokeConfigurationMethod(ConfigInvoker.java:385)
at org.testng.internal.ConfigInvoker.invokeConfigurations(ConfigInvoker.java:321)
at org.testng.internal.TestInvoker.runConfigMethods(TestInvoker.java:700)
at org.testng.internal.TestInvoker.invokeMethod(TestInvoker.java:527)
at org.testng.internal.TestInvoker.invokeTestMethod(TestInvoker.java:173)
at org.testng.internal.MethodRunner.runInSequence(MethodRunner.java:46)
at org.testng.internal.TestInvoker$MethodInvocationAgent.invoke(TestInvoker.java:824)
at org.testng.internal.TestInvoker.invokeTestMethods(TestInvoker.java:146)
at org.testng.internal.TestMethodWorker.invokeTestMethods(TestMethodWorker.java:146)
at org.testng.internal.TestMethodWorker.run(TestMethodWorker.java:128)
at java.base/java.util.ArrayList.forEach(ArrayList.java:1511)
at org.testng.TestRunner.privateRun(TestRunner.java:794)
at org.testng.TestRunner.run(TestRunner.java:596)
at org.testng.SuiteRunner.runTest(SuiteRunner.java:377)
at org.testng.SuiteRunner.runSequentially(SuiteRunner.java:371)
at org.testng.SuiteRunner.privateRun(SuiteRunner.java:332)
at org.testng.SuiteRunner.run(SuiteRunner.java:276)
at org.testng.SuiteRunnerWorker.runSuite(SuiteRunnerWorker.java:53)
at org.testng.SuiteRunnerWorker.run(SuiteRunnerWorker.java:96)
at org.testng.TestNG.runSuitesSequentially(TestNG.java:1212)
at org.testng.TestNG.runSuitesLocally(TestNG.java:1134)
at org.testng.TestNG.runSuites(TestNG.java:1063)
at org.testng.TestNG.run(TestNG.java:1031)
at org.testng.remote.AbstractRemoteTestNG.run(AbstractRemoteTestNG.java:115)
at org.testng.remote.RemoteTestNG.initAndRun(RemoteTestNG.java:251)
at org.testng.remote.RemoteTestNG.main(RemoteTestNG.java:77)
Caused by: org.openqa.selenium.NoSuchElementException: no such element: Unable to locate element: {"method":"xpath","selector":"//button[normalize-space()='View Profile']"}
  (Session info: chrome=134.0.6998.166)
For documentation on this error, please visit: https://www.selenium.dev/documentation/webdriver/troubleshooting/errors#no-such-element-exception
Build info: version: '4.10.0', revision: 'c14d967899'
System info: os.name: 'Windows 10', os.arch: 'amd64', os.version: '10.0', java.version: '17.0.9'
Driver info: org.openqa.selenium.chrome.ChromeDriver
Command: [43bf54bd346ecbef7acdb23ff85e90d7, findElement {using=xpath, value=//button[normalize-space()='View Profile']}]
Capabilities {acceptInsecureCerts: false, browserName: chrome, browserVersion: 134.0.6998.166, chrome: {chromedriverVersion: 134.0.6998.165 (fd886e2cb29..., userDataDir: C:\Users\Insemi\AppData\Loc...}, fedcm:accounts: true, goog:chromeOptions: {debuggerAddress: localhost:56076}, networkConnectionEnabled: false, pageLoadStrategy: normal, platformName: windows, proxy: Proxy(), se:cdp: ws://localhost:56076/devtoo..., se:cdpVersion: 134.0.6998.166, setWindowRect: true, strictFileInteractability: false, timeouts: {implicit: 0, pageLoad: 300000, script: 30000}, unhandledPromptBehavior: dismiss and notify, webauthn:extension:credBlob: true, webauthn:extension:largeBlob: true, webauthn:extension:minPinLength: true, webauthn:extension:prf: true, webauthn:virtualAuthenticators: true}
Session ID: 43bf54bd346ecbef7acdb23ff85e90d7
at java.base/jdk.internal.reflect.NativeConstructorAccessorImpl.newInstance0(Native Method)
at java.base/jdk.internal.reflect.NativeConstructorAccessorImpl.newInstance(NativeConstructorAccessorImpl.java:77)
at java.base/jdk.internal.reflect.DelegatingConstructorAccessorImpl.newInstance(DelegatingConstructorAccessorImpl.java:45)
at java.base/java.lang.reflect.Constructor.newInstanceWithCaller(Constructor.java:499)
at java.base/java.lang.reflect.Constructor.newInstance(Constructor.java:480)
at org.openqa.selenium.remote.codec.w3c.W3CHttpResponseCodec.createException(W3CHttpResponseCodec.java:199)
at org.openqa.selenium.remote.codec.w3c.W3CHttpResponseCodec.decode(W3CHttpResponseCodec.java:132)
at org.openqa.selenium.remote.codec.w3c.W3CHttpResponseCodec.decode(W3CHttpResponseCodec.java:51)
at org.openqa.selenium.remote.HttpCommandExecutor.execute(HttpCommandExecutor.java:191)
at org.openqa.selenium.remote.service.DriverCommandExecutor.invokeExecute(DriverCommandExecutor.java:196)
at org.openqa.selenium.remote.service.DriverCommandExecutor.execute(DriverCommandExecutor.java:171)
at org.openqa.selenium.remote.RemoteWebDriver.execute(RemoteWebDriver.java:531)
at org.openqa.selenium.remote.ElementLocation$ElementFinder$2.findElement(ElementLocation.java:165)
at org.openqa.selenium.remote.ElementLocation.findElement(ElementLocation.java:59)
at org.openqa.selenium.remote.RemoteWebDriver.findElement(RemoteWebDriver.java:350)
at org.openqa.selenium.remote.RemoteWebDriver.findElement(RemoteWebDriver.java:344)
at org.openqa.selenium.support.pagefactory.DefaultElementLocator.findElement(DefaultElementLocator.java:68)
at org.openqa.selenium.support.pagefactory.internal.LocatingElementHandler.invoke(LocatingElementHandler.java:38)
at jdk.proxy2/jdk.proxy2.$Proxy20.isDisplayed(Unknown Source)
at org.openqa.selenium.support.ui.ExpectedConditions.elementIfVisible(ExpectedConditions.java:304)
at org.openqa.selenium.support.ui.ExpectedConditions.access$000(ExpectedConditions.java:37)
at org.openqa.selenium.support.ui.ExpectedConditions$10.apply(ExpectedConditions.java:290)
at org.openqa.selenium.support.ui.ExpectedConditions$10.apply(ExpectedConditions.java:287)
at org.openqa.selenium.support.ui.FluentWait.until(FluentWait.java:205)
... 34 more
]]>
            </full-stacktrace>
          </exception> <!-- org.openqa.selenium.TimeoutException -->
          <reporter-output>
          </reporter-output>
        </test-method> <!-- verify_redirection_AND_LandingPageValue_GandR_RatingPending -->
        <test-method is-config="true" signature="afterMethod(org.testng.ITestResult)[pri:0, instance:testcases.Headermenu_TC@1ef3efa8]" started-at="2025-03-27T12:40:45 IST" name="afterMethod" finished-at="2025-03-27T12:40:45 IST" duration-ms="0" status="PASS">
          <params>
            <param index="0">
              <value>
                <![CDATA[[TestResult name={null} status=CREATED method=Headermenu_TC.verify_redirection_AND_LandingPageValue_GandR_RatingPending()[pri:22, instance:testcases.Headermenu_TC@1ef3efa8] output={null}]]]>
              </value>
            </param>
          </params>
          <reporter-output>
          </reporter-output>
        </test-method> <!-- afterMethod -->
        <test-method is-config="true" signature="beforeMethod()[pri:0, instance:testcases.Headermenu_TC@1ef3efa8]" started-at="2025-03-27T12:40:45 IST" name="beforeMethod" finished-at="1970-01-01T05:30:00 IST" duration-ms="-1743059445460" status="SKIP">
          <reporter-output>
          </reporter-output>
        </test-method> <!-- beforeMethod -->
        <test-method is-config="true" signature="perform_loginFor_QAaccount_allAccess()[pri:0, instance:testcases.Headermenu_TC@1ef3efa8]" started-at="2025-03-27T12:40:45 IST" name="perform_loginFor_QAaccount_allAccess" finished-at="1970-01-01T05:30:00 IST" duration-ms="-1743059445461" status="SKIP">
          <reporter-output>
          </reporter-output>
        </test-method> <!-- perform_loginFor_QAaccount_allAccess -->
        <test-method signature="verify_redirection_AND_LandingPageValue_GandR_AddCustomGoals()[pri:23, instance:testcases.Headermenu_TC@1ef3efa8]" started-at="2025-03-27T12:40:45 IST" name="verify_redirection_AND_LandingPageValue_GandR_AddCustomGoals" finished-at="2025-03-27T12:40:45 IST" duration-ms="0" status="SKIP">
          <exception class="org.openqa.selenium.TimeoutException">
            <message>
              <![CDATA[Expected condition failed: waiting for visibility of Proxy element for: DefaultElementLocator 'By.xpath: //button[normalize-space()='View Profile']' (tried for 15 second(s) with 500 milliseconds interval)]]>
            </message>
            <full-stacktrace>
              <![CDATA[org.openqa.selenium.TimeoutException: Expected condition failed: waiting for visibility of Proxy element for: DefaultElementLocator 'By.xpath: //button[normalize-space()='View Profile']' (tried for 15 second(s) with 500 milliseconds interval)
at org.openqa.selenium.support.ui.WebDriverWait.timeoutException(WebDriverWait.java:84)
at org.openqa.selenium.support.ui.FluentWait.until(FluentWait.java:230)
at utils.GeneralUtilities.visibility_wait_utility(GeneralUtilities.java:39)
at pageObjects.loginPage.LoginPage_PG.visibility_ofElement_in_Dashboard(LoginPage_PG.java:51)
at testcases.Headermenu_TC.perform_loginFor_QAaccount_allAccess(Headermenu_TC.java:46)
at jdk.internal.reflect.GeneratedMethodAccessor5.invoke(Unknown Source)
at java.base/jdk.internal.reflect.DelegatingMethodAccessorImpl.invoke(DelegatingMethodAccessorImpl.java:43)
at java.base/java.lang.reflect.Method.invoke(Method.java:568)
at org.testng.internal.MethodInvocationHelper.invokeMethod(MethodInvocationHelper.java:133)
at org.testng.internal.MethodInvocationHelper.invokeMethodConsideringTimeout(MethodInvocationHelper.java:62)
at org.testng.internal.ConfigInvoker.invokeConfigurationMethod(ConfigInvoker.java:385)
at org.testng.internal.ConfigInvoker.invokeConfigurations(ConfigInvoker.java:321)
at org.testng.internal.TestInvoker.runConfigMethods(TestInvoker.java:700)
at org.testng.internal.TestInvoker.invokeMethod(TestInvoker.java:527)
at org.testng.internal.TestInvoker.invokeTestMethod(TestInvoker.java:173)
at org.testng.internal.MethodRunner.runInSequence(MethodRunner.java:46)
at org.testng.internal.TestInvoker$MethodInvocationAgent.invoke(TestInvoker.java:824)
at org.testng.internal.TestInvoker.invokeTestMethods(TestInvoker.java:146)
at org.testng.internal.TestMethodWorker.invokeTestMethods(TestMethodWorker.java:146)
at org.testng.internal.TestMethodWorker.run(TestMethodWorker.java:128)
at java.base/java.util.ArrayList.forEach(ArrayList.java:1511)
at org.testng.TestRunner.privateRun(TestRunner.java:794)
at org.testng.TestRunner.run(TestRunner.java:596)
at org.testng.SuiteRunner.runTest(SuiteRunner.java:377)
at org.testng.SuiteRunner.runSequentially(SuiteRunner.java:371)
at org.testng.SuiteRunner.privateRun(SuiteRunner.java:332)
at org.testng.SuiteRunner.run(SuiteRunner.java:276)
at org.testng.SuiteRunnerWorker.runSuite(SuiteRunnerWorker.java:53)
at org.testng.SuiteRunnerWorker.run(SuiteRunnerWorker.java:96)
at org.testng.TestNG.runSuitesSequentially(TestNG.java:1212)
at org.testng.TestNG.runSuitesLocally(TestNG.java:1134)
at org.testng.TestNG.runSuites(TestNG.java:1063)
at org.testng.TestNG.run(TestNG.java:1031)
at org.testng.remote.AbstractRemoteTestNG.run(AbstractRemoteTestNG.java:115)
at org.testng.remote.RemoteTestNG.initAndRun(RemoteTestNG.java:251)
at org.testng.remote.RemoteTestNG.main(RemoteTestNG.java:77)
Caused by: org.openqa.selenium.NoSuchElementException: no such element: Unable to locate element: {"method":"xpath","selector":"//button[normalize-space()='View Profile']"}
  (Session info: chrome=134.0.6998.166)
For documentation on this error, please visit: https://www.selenium.dev/documentation/webdriver/troubleshooting/errors#no-such-element-exception
Build info: version: '4.10.0', revision: 'c14d967899'
System info: os.name: 'Windows 10', os.arch: 'amd64', os.version: '10.0', java.version: '17.0.9'
Driver info: org.openqa.selenium.chrome.ChromeDriver
Command: [43bf54bd346ecbef7acdb23ff85e90d7, findElement {using=xpath, value=//button[normalize-space()='View Profile']}]
Capabilities {acceptInsecureCerts: false, browserName: chrome, browserVersion: 134.0.6998.166, chrome: {chromedriverVersion: 134.0.6998.165 (fd886e2cb29..., userDataDir: C:\Users\Insemi\AppData\Loc...}, fedcm:accounts: true, goog:chromeOptions: {debuggerAddress: localhost:56076}, networkConnectionEnabled: false, pageLoadStrategy: normal, platformName: windows, proxy: Proxy(), se:cdp: ws://localhost:56076/devtoo..., se:cdpVersion: 134.0.6998.166, setWindowRect: true, strictFileInteractability: false, timeouts: {implicit: 0, pageLoad: 300000, script: 30000}, unhandledPromptBehavior: dismiss and notify, webauthn:extension:credBlob: true, webauthn:extension:largeBlob: true, webauthn:extension:minPinLength: true, webauthn:extension:prf: true, webauthn:virtualAuthenticators: true}
Session ID: 43bf54bd346ecbef7acdb23ff85e90d7
at java.base/jdk.internal.reflect.NativeConstructorAccessorImpl.newInstance0(Native Method)
at java.base/jdk.internal.reflect.NativeConstructorAccessorImpl.newInstance(NativeConstructorAccessorImpl.java:77)
at java.base/jdk.internal.reflect.DelegatingConstructorAccessorImpl.newInstance(DelegatingConstructorAccessorImpl.java:45)
at java.base/java.lang.reflect.Constructor.newInstanceWithCaller(Constructor.java:499)
at java.base/java.lang.reflect.Constructor.newInstance(Constructor.java:480)
at org.openqa.selenium.remote.codec.w3c.W3CHttpResponseCodec.createException(W3CHttpResponseCodec.java:199)
at org.openqa.selenium.remote.codec.w3c.W3CHttpResponseCodec.decode(W3CHttpResponseCodec.java:132)
at org.openqa.selenium.remote.codec.w3c.W3CHttpResponseCodec.decode(W3CHttpResponseCodec.java:51)
at org.openqa.selenium.remote.HttpCommandExecutor.execute(HttpCommandExecutor.java:191)
at org.openqa.selenium.remote.service.DriverCommandExecutor.invokeExecute(DriverCommandExecutor.java:196)
at org.openqa.selenium.remote.service.DriverCommandExecutor.execute(DriverCommandExecutor.java:171)
at org.openqa.selenium.remote.RemoteWebDriver.execute(RemoteWebDriver.java:531)
at org.openqa.selenium.remote.ElementLocation$ElementFinder$2.findElement(ElementLocation.java:165)
at org.openqa.selenium.remote.ElementLocation.findElement(ElementLocation.java:59)
at org.openqa.selenium.remote.RemoteWebDriver.findElement(RemoteWebDriver.java:350)
[...]
at org.openqa.selenium.support.ui.ExpectedConditions$10.apply(ExpectedConditions.java:290)
at org.openqa.selenium.support.ui.ExpectedConditions$10.apply(ExpectedConditions.java:287)
at org.openqa.selenium.support.ui.FluentWait.until(FluentWait.java:205)
... 34 more
]]>
            </full-stacktrace>
          </exception> <!-- org.openqa.selenium.TimeoutException -->
          <reporter-output>
          </reporter-output>
        </test-method> <!-- verify_redirection_AND_LandingPageValue_ManagerFB_HrHeadView -->
        <test-method is-config="true" signature="perform_loginFor_QAaccount_allAccess()[pri:0, instance:testcases.Headermenu_TC@1ef3efa8]" started-at="2025-03-27T12:40:45 IST" name="perform_loginFor_QAaccount_allAccess" finished-at="1970-01-01T05:30:00 IST" duration-ms="-1743059445856" status="SKIP">
          <reporter-output>
          </reporter-output>
        </test-method> <!-- perform_loginFor_QAaccount_allAccess -->
        <test-method is-config="true" signature="beforeMethod()[pri:0, instance:testcases.Headermenu_TC@1ef3efa8]" started-at="2025-03-27T12:40:45 IST" name="beforeMethod" finished-at="1970-01-01T05:30:00 IST" duration-ms="-1743059445862" status="SKIP">
          <reporter-output>
          </reporter-output>
        </test-method> <!-- beforeMethod -->
        <test-method is-config="true" signature="afterMethod(org.testng.ITestResult)[pri:0, instance:testcases.Headermenu_TC@1ef3efa8]" started-at="2025-03-27T12:40:45 IST" name="afterMethod" finished-at="2025-03-27T12:40:45 IST" duration-ms="0" status="PASS">
          <params>
            <param index="0">
              <value>
                <![CDATA[[TestResult name={null} status=CREATED method=Headermenu_TC.verify_redirection_AND_LandingPageValue_ManagerFB_HrHeadView()[pri:83, instance:testcases.Headermenu_TC@1ef3efa8] output={null}]]]>
              </value>
            </param>
          </params>
          <reporter-output>
          </reporter-output>
        </test-method> <!-- afterMethod -->
        <test-method is-config="true" signature="perform_loginFor_QAaccount_allAccess()[pri:0, instance:testcases.Headermenu_TC@1ef3efa8]" started-at="2025-03-27T12:40:45 IST" name="perform_loginFor_QAaccount_allAccess" finished-at="1970-01-01T05:30:00 IST" duration-ms="-1743059445864" status="SKIP">
          <reporter-output>
          </reporter-output>
        </test-method> <!-- perform_loginFor_QAaccount_allAccess -->
        <test-method signature="verify_redirection_AND_LandingPageValue_ManagerFB_EmployeeFeedback()[pri:84, instance:testcases.Headermenu_TC@1ef3efa8]" started-at="2025-03-27T12:40:45 IST" name="verify_redirection_AND_LandingPageValue_ManagerFB_EmployeeFeedback" finished-at="2025-03-27T12:40:45 IST" duration-ms="0" status="SKIP">
          <exception class="org.openqa.selenium.TimeoutException">
            <message>
              <![CDATA[Expected condition failed: waiting for visibility of Proxy element for: DefaultElementLocator 'By.xpath: //button[normalize-space()='View Profile']' (tried for 15 second(s) with 500 milliseconds interval)]]>
            </message>
            <full-stacktrace>
              <![CDATA[org.openqa.selenium.TimeoutException: Expected condition failed: waiting for visibility of Proxy element for: DefaultElementLocator 'By.xpath: //button[normalize-space()='View Profile']' (tried for 15 second(s) with 500 milliseconds interval)
at org.openqa.selenium.support.ui.WebDriverWait.timeoutException(WebDriverWait.java:84)
at org.openqa.selenium.support.ui.FluentWait.until(FluentWait.java:230)
at utils.GeneralUtilities.visibility_wait_utility(GeneralUtilities.java:39)
at pageObjects.loginPage.LoginPage_PG.visibility_ofElement_in_Dashboard(LoginPage_PG.java:51)
at testcases.Headermenu_TC.perform_loginFor_QAaccount_allAccess(Headermenu_TC.java:46)
at jdk.internal.reflect.GeneratedMethodAccessor5.invoke(Unknown Source)
at java.base/jdk.internal.reflect.DelegatingMethodAccessorImpl.invoke(DelegatingMethodAccessorImpl.java:43)
at java.base/java.lang.reflect.Method.invoke(Method.java:568)
at org.testng.internal.MethodInvocationHelper.invokeMethod(MethodInvocationHelper.java:133)
at org.testng.internal.MethodInvocationHelper.invokeMethodConsideringTimeout(MethodInvocationHelper.java:62)
at org.testng.internal.ConfigInvoker.invokeConfigurationMethod(ConfigInvoker.java:385)
at org.testng.internal.ConfigInvoker.invokeConfigurations(ConfigInvoker.java:321)
at org.testng.internal.TestInvoker.runConfigMethods(TestInvoker.java:700)
at org.testng.internal.TestInvoker.invokeMethod(TestInvoker.java:527)
at org.testng.internal.TestInvoker.invokeTestMethod(TestInvoker.java:173)
at org.testng.internal.MethodRunner.runInSequence(MethodRunner.java:46)
at org.testng.internal.TestInvoker$MethodInvocationAgent.invoke(TestInvoker.java:824)
at org.testng.internal.TestInvoker.invokeTestMethods(TestInvoker.java:146)
at org.testng.internal.TestMethodWorker.invokeTestMethods(TestMethodWorker.java:146)
at org.testng.internal.TestMethodWorker.run(TestMethodWorker.java:128)
at java.base/java.util.ArrayList.forEach(ArrayList.java:1511)
at org.testng.TestRunner.privateRun(TestRunner.java:794)
at org.testng.TestRunner.run(TestRunner.java:596)
at org.testng.SuiteRunner.runTest(SuiteRunner.java:377)
at org.testng.SuiteRunner.runSequentially(SuiteRunner.java:371)
at org.testng.SuiteRunner.privateRun(SuiteRunner.java:332)
at org.testng.SuiteRunner.run(SuiteRunner.java:276)
at org.testng.SuiteRunnerWorker.runSuite(SuiteRunnerWorker.java:53)
at org.testng.SuiteRunnerWorker.run(SuiteRunnerWorker.java:96)
at org.testng.TestNG.runSuitesSequentially(TestNG.java:1212)
at org.testng.TestNG.runSuitesLocally(TestNG.java:1134)
at org.testng.TestNG.runSuites(TestNG.java:1063)
at org.testng.TestNG.run(TestNG.java:1031)
at org.testng.remote.AbstractRemoteTestNG.run(AbstractRemoteTestNG.java:115)
at org.testng.remote.RemoteTestNG.initAndRun(RemoteTestNG.java:251)
at org.testng.remote.RemoteTestNG.main(RemoteTestNG.java:77)
Caused by: org.openqa.selenium.NoSuchElementException: no such element: Unable to locate element: {"method":"xpath","selector":"//button[normalize-space()='View Profile']"}
  (Session info: chrome=134.0.6998.166)
For documentation on this error, please visit: https://www.selenium.dev/documentation/webdriver/troubleshooting/errors#no-such-element-exception
Build info: version: '4.10.0', revision: 'c14d967899'
System info: os.name: 'Windows 10', os.arch: 'amd64', os.version: '10.0', java.version: '17.0.9'
Driver info: org.openqa.selenium.chrome.ChromeDriver
Command: [43bf54bd346ecbef7acdb23ff85e90d7, findElement {using=xpath, value=//button[normalize-space()='View Profile']}]
Capabilities {acceptInsecureCerts: false, browserName: chrome, browserVersion: 134.0.6998.166, chrome: {chromedriverVersion: 134.0.6998.165 (fd886e2cb29..., userDataDir: C:\Users\Insemi\AppData\Loc...}, fedcm:accounts: true, goog:chromeOptions: {debuggerAddress: localhost:56076}, networkConnectionEnabled: false, pageLoadStrategy: normal, platformName: windows, proxy: Proxy(), se:cdp: ws://localhost:56076/devtoo..., se:cdpVersion: 134.0.6998.166, setWindowRect: true, strictFileInteractability: false, timeouts: {implicit: 0, pageLoad: 300000, script: 30000}, unhandledPromptBehavior: dismiss and notify, webauthn:extension:credBlob: true, webauthn:extension:largeBlob: true, webauthn:extension:minPinLength: true, webauthn:extension:prf: true, webauthn:virtualAuthenticators: true}
Session ID: 43bf54bd346ecbef7acdb23ff85e90d7
at java.base/jdk.internal.reflect.NativeConstructorAccessorImpl.newInstance0(Native Method)
at java.base/jdk.internal.reflect.NativeConstructorAccessorImpl.newInstance(NativeConstructorAccessorImpl.java:77)
at java.base/jdk.internal.reflect.DelegatingConstructorAccessorImpl.newInstance(DelegatingConstructorAccessorImpl.java:45)
at java.base/java.lang.reflect.Constructor.newInstanceWithCaller(Constructor.java:499)
at java.base/java.lang.reflect.Constructor.newInstance(Constructor.java:480)
at org.openqa.selenium.remote.codec.w3c.W3CHttpResponseCodec.createException(W3CHttpResponseCodec.java:199)
at org.openqa.selenium.remote.codec.w3c.W3CHttpResponseCodec.decode(W3CHttpResponseCodec.java:132)
at org.openqa.selenium.remote.codec.w3c.W3CHttpResponseCodec.decode(W3CHttpResponseCodec.java:51)
at org.openqa.selenium.remote.HttpCommandExecutor.execute(HttpCommandExecutor.java:191)
at org.openqa.selenium.remote.service.DriverCommandExecutor.invokeExecute(DriverCommandExecutor.java:196)
at org.openqa.selenium.remote.service.DriverCommandExecutor.execute(DriverCommandExecutor.java:171)
at org.openqa.selenium.remote.RemoteWebDriver.execute(RemoteWebDriver.java:531)
at org.openqa.selenium.remote.ElementLocation$ElementFinder$2.findElement(ElementLocation.java:165)
at org.openqa.selenium.remote.ElementLocation.findElement(ElementLocation.java:59)
at org.openqa.selenium.remote.RemoteWebDriver.findElement(RemoteWebDriver.java:350)
at org.openqa.selenium.remote.RemoteWebDriver.findElement(RemoteWebDriver.java:344)
at org.openqa.selenium.support.pagefactory.DefaultElementLocator.findElement(DefaultElementLocator.java:68)
at org.openqa.selenium.support.pagefactory.internal.LocatingElementHandler.invoke(LocatingElementHandler.java:38)
at jdk.proxy2/jdk.proxy2.$Proxy20.isDisplayed(Unknown Source)
at org.openqa.selenium.support.ui.ExpectedConditions.elementIfVisible(ExpectedConditions.java:304)
at org.openqa.selenium.support.ui.ExpectedConditions.access$000(ExpectedConditions.java:37)
at org.openqa.selenium.support.ui.ExpectedConditions$10.apply(ExpectedConditions.java:290)
at org.openqa.selenium.support.ui.ExpectedConditions$10.apply(ExpectedConditions.java:287)
at org.openqa.selenium.support.ui.FluentWait.until(FluentWait.java:205)
... 34 more
]]>
            </full-stacktrace>
          </exception> <!-- org.openqa.selenium.TimeoutException -->
          <reporter-output>
          </reporter-output>
        </test-method> <!-- verify_redirection_AND_LandingPageValue_ManagerFB_EmployeeFeedback -->
        <test-method is-config="true" signature="afterMethod(org.testng.ITestResult)[pri:0, instance:testcases.Headermenu_TC@1ef3efa8]" started-at="2025-03-27T12:40:45 IST" name="afterMethod" finished-at="2025-03-27T12:40:45 IST" duration-ms="0" status="PASS">
          <params>
            <param index="0">
              <value>
                <![CDATA[[TestResult name={null} status=CREATED method=Headermenu_TC.verify_redirection_AND_LandingPageValue_ManagerFB_EmployeeFeedback()[pri:84, instance:testcases.Headermenu_TC@1ef3efa8] output={null}]]]>
              </value>
            </param>
          </params>
          <reporter-output>
          </reporter-output>
        </test-method> <!-- afterMethod -->
        <test-method is-config="true" signature="beforeMethod()[pri:0, instance:testcases.Headermenu_TC@1ef3efa8]" started-at="2025-03-27T12:40:45 IST" name="beforeMethod" finished-at="1970-01-01T05:30:00 IST" duration-ms="-1743059445872" status="SKIP">
          <reporter-output>
          </reporter-output>
        </test-method> <!-- beforeMethod -->
        <test-method is-config="true" signature="perform_loginFor_QAaccount_allAccess()[pri:0, instance:testcases.Headermenu_TC@1ef3efa8]" started-at="2025-03-27T12:40:45 IST" name="perform_loginFor_QAaccount_allAccess" finished-at="1970-01-01T05:30:00 IST" duration-ms="-1743059445874" status="SKIP">
          <reporter-output>
          </reporter-output>
        </test-method> <!-- perform_loginFor_QAaccount_allAccess -->
        <test-method signature="verify_redirection_AND_LandingPageValue_ManagerFB_BuPage()[pri:85, instance:testcases.Headermenu_TC@1ef3efa8]" started-at="2025-03-27T12:40:45 IST" name="verify_redirection_AND_LandingPageValue_ManagerFB_BuPage" finished-at="2025-03-27T12:40:45 IST" duration-ms="0" status="SKIP">
          <exception class="org.openqa.selenium.TimeoutException">
            <message>
              <![CDATA[Expected condition failed: waiting for visibility of Proxy element for: DefaultElementLocator 'By.xpath: //button[normalize-space()='View Profile']' (tried for 15 second(s) with 500 milliseconds interval)]]>
            </message>
            <full-stacktrace>
              <![CDATA[org.openqa.selenium.TimeoutException: Expected condition failed: waiting for visibility of Proxy element for: DefaultElementLocator 'By.xpath: //button[normalize-space()='View Profile']' (tried for 15 second(s) with 500 milliseconds interval)
at org.openqa.selenium.support.ui.WebDriverWait.timeoutException(WebDriverWait.java:84)
at org.openqa.selenium.support.ui.FluentWait.until(FluentWait.java:230)
at utils.GeneralUtilities.visibility_wait_utility(GeneralUtilities.java:39)
at pageObjects.loginPage.LoginPage_PG.visibility_ofElement_in_Dashboard(LoginPage_PG.java:51)
at testcases.Headermenu_TC.perform_loginFor_QAaccount_allAccess(Headermenu_TC.java:46)
at jdk.internal.reflect.GeneratedMethodAccessor5.invoke(Unknown Source)
at java.base/jdk.internal.reflect.DelegatingMethodAccessorImpl.invoke(DelegatingMethodAccessorImpl.java:43)
at java.base/java.lang.reflect.Method.invoke(Method.java:568)
at org.testng.internal.MethodInvocationHelper.invokeMethod(MethodInvocationHelper.java:133)
at org.testng.internal.MethodInvocationHelper.invokeMethodConsideringTimeout(MethodInvocationHelper.java:62)
at org.testng.internal.ConfigInvoker.invokeConfigurationMethod(ConfigInvoker.java:385)
at org.testng.internal.ConfigInvoker.invokeConfigurations(ConfigInvoker.java:321)
at org.testng.internal.TestInvoker.runConfigMethods(TestInvoker.java:700)
at org.testng.internal.TestInvoker.invokeMethod(TestInvoker.java:527)
at org.testng.internal.TestInvoker.invokeTestMethod(TestInvoker.java:173)
at org.testng.internal.MethodRunner.runInSequence(MethodRunner.java:46)
at org.testng.internal.TestInvoker$MethodInvocationAgent.invoke(TestInvoker.java:824)
at org.testng.internal.TestInvoker.invokeTestMethods(TestInvoker.java:146)
at org.testng.internal.TestMethodWorker.invokeTestMethods(TestMethodWorker.java:146)
at org.testng.internal.TestMethodWorker.run(TestMethodWorker.java:128)
at java.base/java.util.ArrayList.forEach(ArrayList.java:1511)
at org.testng.TestRunner.privateRun(TestRunner.java:794)
at org.testng.TestRunner.run(TestRunner.java:596)
at org.testng.SuiteRunner.runTest(SuiteRunner.java:377)
at org.testng.SuiteRunner.runSequentially(SuiteRunner.java:371)
at org.testng.SuiteRunner.privateRun(SuiteRunner.java:332)
at org.testng.SuiteRunner.run(SuiteRunner.java:276)
at org.testng.SuiteRunnerWorker.runSuite(SuiteRunnerWorker.java:53)
at org.testng.SuiteRunnerWorker.run(SuiteRunnerWorker.java:96)
at org.testng.TestNG.runSuitesSequentially(TestNG.java:1212)
at org.testng.TestNG.runSuitesLocally(TestNG.java:1134)
at org.testng.TestNG.runSuites(TestNG.java:1063)
at org.testng.TestNG.run(TestNG.java:1031)
at org.testng.remote.AbstractRemoteTestNG.run(AbstractRemoteTestNG.java:115)
at org.testng.remote.RemoteTestNG.initAndRun(RemoteTestNG.java:251)
at org.testng.remote.RemoteTestNG.main(RemoteTestNG.java:77)
Caused by: org.openqa.selenium.NoSuchElementException: no such element: Unable to locate element: {"method":"xpath","selector":"//button[normalize-space()='View Profile']"}
  (Session info: chrome=134.0.6998.166)
For documentation on this error, please visit: https://www.selenium.dev/documentation/webdriver/troubleshooting/errors#no-such-element-exception
Build info: version: '4.10.0', revision: 'c14d967899'
System info: os.name: 'Windows 10', os.arch: 'amd64', os.version: '10.0', java.version: '17.0.9'
Driver info: org.openqa.selenium.chrome.ChromeDriver
Command: [43bf54bd346ecbef7acdb23ff85e90d7, findElement {using=xpath, value=//button[normalize-space()='View Profile']}]
Capabilities {acceptInsecureCerts: false, browserName: chrome, browserVersion: 134.0.6998.166, chrome: {chromedriverVersion: 134.0.6998.165 (fd886e2cb29..., userDataDir: C:\Users\Insemi\AppData\Loc...}, fedcm:accounts: true, goog:chromeOptions: {debuggerAddress: localhost:56076}, networkConnectionEnabled: false, pageLoadStrategy: normal, platformName: windows, proxy: Proxy(), se:cdp: ws://localhost:56076/devtoo..., se:cdpVersion: 134.0.6998.166, setWindowRect: true, strictFileInteractability: false, timeouts: {implicit: 0, pageLoad: 300000, script: 30000}, unhandledPromptBehavior: dismiss and notify, webauthn:extension:credBlob: true, webauthn:extension:largeBlob: true, webauthn:extension:minPinLength: true, webauthn:extension:prf: true, webauthn:virtualAuthenticators: true}
Session ID: 43bf54bd346ecbef7acdb23ff85e90d7
at java.base/jdk.internal.reflect.NativeConstructorAccessorImpl.newInstance0(Native Method)
at java.base/jdk.internal.reflect.NativeConstructorAccessorImpl.newInstance(NativeConstructorAccessorImpl.java:77)
at java.base/jdk.internal.reflect.DelegatingConstructorAccessorImpl.newInstance(DelegatingConstructorAccessorImpl.java:45)
at java.base/java.lang.reflect.Constructor.newInstanceWithCaller(Constructor.java:499)
at java.base/java.lang.reflect.Constructor.newInstance(Constructor.java:480)
at org.openqa.selenium.remote.codec.w3c.W3CHttpResponseCodec.createException(W3CHttpResponseCodec.java:199)
at org.openqa.selenium.remote.codec.w3c.W3CHttpResponseCodec.decode(W3CHttpResponseCodec.java:132)
at org.openqa.selenium.remote.codec.w3c.W3CHttpResponseCodec.decode(W3CHttpResponseCodec.java:51)
at org.openqa.selenium.remote.HttpCommandExecutor.execute(HttpCommandExecutor.java:191)
at org.openqa.selenium.remote.service.DriverCommandExecutor.invokeExecute(DriverCommandExecutor.java:196)
at org.openqa.selenium.remote.service.DriverCommandExecutor.execute(DriverCommandExecutor.java:171)
at org.openqa.selenium.remote.RemoteWebDriver.execute(RemoteWebDriver.java:531)
at org.openqa.selenium.remote.ElementLocation$ElementFinder$2.findElement(ElementLocation.java:165)
at org.openqa.selenium.remote.ElementLocation.findElement(ElementLocation.java:59)
at org.openqa.selenium.remote.RemoteWebDriver.findElement(RemoteWebDriver.java:350)
at org.openqa.selenium.remote.RemoteWebDriver.findElement(RemoteWebDriver.java:344)
at org.openqa.selenium.support.pagefactory.DefaultElementLocator.findElement(DefaultElementLocator.java:68)
at org.openqa.selenium.support.pagefactory.internal.LocatingElementHandler.invoke(LocatingElementHandler.java:38)
at jdk.proxy2/jdk.proxy2.$Proxy20.isDisplayed(Unknown Source)
at org.openqa.selenium.support.ui.ExpectedConditions.elementIfVisible(ExpectedConditions.java:304)
at org.openqa.selenium.support.ui.ExpectedConditions.access$000(ExpectedConditions.java:37)
at org.openqa.selenium.support.ui.ExpectedConditions$10.apply(ExpectedConditions.java:290)
at org.openqa.selenium.support.ui.ExpectedConditions$10.apply(ExpectedConditions.java:287)
at org.openqa.selenium.support.ui.FluentWait.until(FluentWait.java:205)
... 34 more
]]>
            </full-stacktrace>
          </exception> <!-- org.openqa.selenium.TimeoutException -->
          <reporter-output>
          </reporter-output>
        </test-method> <!-- verify_redirection_AND_LandingPageValue_ManagerFB_BuPage -->
        <test-method is-config="true" signature="afterMethod(org.testng.ITestResult)[pri:0, instance:testcases.Headermenu_TC@1ef3efa8]" started-at="2025-03-27T12:40:45 IST" name="afterMethod" finished-at="2025-03-27T12:40:45 IST" duration-ms="2" status="PASS">
          <params>
            <param index="0">
              <value>
                <![CDATA[[TestResult name={null} status=CREATED method=Headermenu_TC.verify_redirection_AND_LandingPageValue_ManagerFB_BuPage()[pri:85, instance:testcases.Headermenu_TC@1ef3efa8] output={null}]]]>
              </value>
            </param>
          </params>
          <reporter-output>
          </reporter-output>
        </test-method> <!-- afterMethod -->
      </class> <!-- testcases.Headermenu_TC -->
    </test> <!-- Test -->
  </suite> <!-- Suite -->
</testng-results>
